running egg_info
creating ../../build/gazo/gazo.egg-info
writing ../../build/gazo/gazo.egg-info/PKG-INFO
writing dependency_links to ../../build/gazo/gazo.egg-info/dependency_links.txt
writing entry points to ../../build/gazo/gazo.egg-info/entry_points.txt
writing requirements to ../../build/gazo/gazo.egg-info/requires.txt
writing top-level names to ../../build/gazo/gazo.egg-info/top_level.txt
writing manifest file '../../build/gazo/gazo.egg-info/SOURCES.txt'
reading manifest file '../../build/gazo/gazo.egg-info/SOURCES.txt'
writing manifest file '../../build/gazo/gazo.egg-info/SOURCES.txt'
running build
running build_py
creating /home/parallels/ros2_ws/build/gazo/build
creating /home/parallels/ros2_ws/build/gazo/build/lib
creating /home/parallels/ros2_ws/build/gazo/build/lib/gazo
copying gazo/__init__.py -> /home/parallels/ros2_ws/build/gazo/build/lib/gazo
copying gazo/nononode.py -> /home/parallels/ros2_ws/build/gazo/build/lib/gazo
running install
running install_lib
creating /home/parallels/ros2_ws/install/gazo/lib/python3.10/site-packages/gazo
copying /home/parallels/ros2_ws/build/gazo/build/lib/gazo/__init__.py -> /home/parallels/ros2_ws/install/gazo/lib/python3.10/site-packages/gazo
copying /home/parallels/ros2_ws/build/gazo/build/lib/gazo/nononode.py -> /home/parallels/ros2_ws/install/gazo/lib/python3.10/site-packages/gazo
byte-compiling /home/parallels/ros2_ws/install/gazo/lib/python3.10/site-packages/gazo/__init__.py to __init__.cpython-310.pyc
byte-compiling /home/parallels/ros2_ws/install/gazo/lib/python3.10/site-packages/gazo/nononode.py to nononode.cpython-310.pyc
running install_data
creating /home/parallels/ros2_ws/install/gazo/share/ament_index
creating /home/parallels/ros2_ws/install/gazo/share/ament_index/resource_index
creating /home/parallels/ros2_ws/install/gazo/share/ament_index/resource_index/packages
copying resource/gazo -> /home/parallels/ros2_ws/install/gazo/share/ament_index/resource_index/packages
copying package.xml -> /home/parallels/ros2_ws/install/gazo/share/gazo
running install_egg_info
Copying ../../build/gazo/gazo.egg-info to /home/parallels/ros2_ws/install/gazo/lib/python3.10/site-packages/gazo-0.0.0-py3.10.egg-info
running install_scripts
Installing nononode script to /home/parallels/ros2_ws/install/gazo/lib/gazo
writing list of installed files to '/home/parallels/ros2_ws/build/gazo/install.log'
