[0.736s] Invoking command in '/home/parallels/ros2_ws/src/gazo': PYTHONPATH=/home/parallels/ros2_ws/build/gazo/prefix_override:/home/parallels/ros2_ws/install/gazo/lib/python3.10/site-packages:${PYTHONPATH} /usr/bin/python3 setup.py egg_info --egg-base ../../build/gazo build --build-base /home/parallels/ros2_ws/build/gazo/build install --record /home/parallels/ros2_ws/build/gazo/install.log --single-version-externally-managed
[1.026s] running egg_info
[1.026s] creating ../../build/gazo/gazo.egg-info
[1.026s] writing ../../build/gazo/gazo.egg-info/PKG-INFO
[1.026s] writing dependency_links to ../../build/gazo/gazo.egg-info/dependency_links.txt
[1.027s] writing entry points to ../../build/gazo/gazo.egg-info/entry_points.txt
[1.027s] writing requirements to ../../build/gazo/gazo.egg-info/requires.txt
[1.027s] writing top-level names to ../../build/gazo/gazo.egg-info/top_level.txt
[1.028s] writing manifest file '../../build/gazo/gazo.egg-info/SOURCES.txt'
[1.029s] reading manifest file '../../build/gazo/gazo.egg-info/SOURCES.txt'
[1.030s] writing manifest file '../../build/gazo/gazo.egg-info/SOURCES.txt'
[1.031s] running build
[1.031s] running build_py
[1.031s] creating /home/parallels/ros2_ws/build/gazo/build
[1.031s] creating /home/parallels/ros2_ws/build/gazo/build/lib
[1.031s] creating /home/parallels/ros2_ws/build/gazo/build/lib/gazo
[1.031s] copying gazo/__init__.py -> /home/parallels/ros2_ws/build/gazo/build/lib/gazo
[1.031s] copying gazo/nononode.py -> /home/parallels/ros2_ws/build/gazo/build/lib/gazo
[1.031s] running install
[1.032s] /usr/lib/python3/dist-packages/setuptools/command/install.py:34: SetuptoolsDeprecationWarning: setup.py install is deprecated. Use build and pip and other standards-based tools.
[1.032s]   warnings.warn(
[1.032s] running install_lib
[1.032s] creating /home/parallels/ros2_ws/install/gazo/lib/python3.10/site-packages/gazo
[1.032s] copying /home/parallels/ros2_ws/build/gazo/build/lib/gazo/__init__.py -> /home/parallels/ros2_ws/install/gazo/lib/python3.10/site-packages/gazo
[1.032s] copying /home/parallels/ros2_ws/build/gazo/build/lib/gazo/nononode.py -> /home/parallels/ros2_ws/install/gazo/lib/python3.10/site-packages/gazo
[1.033s] byte-compiling /home/parallels/ros2_ws/install/gazo/lib/python3.10/site-packages/gazo/__init__.py to __init__.cpython-310.pyc
[1.033s] byte-compiling /home/parallels/ros2_ws/install/gazo/lib/python3.10/site-packages/gazo/nononode.py to nononode.cpython-310.pyc
[1.033s] running install_data
[1.034s] creating /home/parallels/ros2_ws/install/gazo/share/ament_index
[1.034s] creating /home/parallels/ros2_ws/install/gazo/share/ament_index/resource_index
[1.034s] creating /home/parallels/ros2_ws/install/gazo/share/ament_index/resource_index/packages
[1.034s] copying resource/gazo -> /home/parallels/ros2_ws/install/gazo/share/ament_index/resource_index/packages
[1.034s] copying package.xml -> /home/parallels/ros2_ws/install/gazo/share/gazo
[1.035s] running install_egg_info
[1.036s] Copying ../../build/gazo/gazo.egg-info to /home/parallels/ros2_ws/install/gazo/lib/python3.10/site-packages/gazo-0.0.0-py3.10.egg-info
[1.037s] running install_scripts
[1.062s] Installing nononode script to /home/parallels/ros2_ws/install/gazo/lib/gazo
[1.062s] writing list of installed files to '/home/parallels/ros2_ws/build/gazo/install.log'
[1.089s] Invoked command in '/home/parallels/ros2_ws/src/gazo' returned '0': PYTHONPATH=/home/parallels/ros2_ws/build/gazo/prefix_override:/home/parallels/ros2_ws/install/gazo/lib/python3.10/site-packages:${PYTHONPATH} /usr/bin/python3 setup.py egg_info --egg-base ../../build/gazo build --build-base /home/parallels/ros2_ws/build/gazo/build install --record /home/parallels/ros2_ws/build/gazo/install.log --single-version-externally-managed
