[1.093s] Invoking command in '/home/parallels/ros2_ws/build/py_publisher': PYTHONPATH=/home/parallels/ros2_ws/build/py_publisher/prefix_override:/home/parallels/ros2_ws/install/py_publisher/lib/python3.10/site-packages:${PYTHONPATH} /usr/bin/python3 setup.py develop --uninstall --editable --build-directory /home/parallels/ros2_ws/build/py_publisher/build
[1.437s] running develop
[1.438s] /usr/lib/python3/dist-packages/setuptools/command/easy_install.py:158: EasyInstallDeprecationWarning: easy_install command is deprecated. Use build and pip and other standards-based tools.
[1.438s]   warnings.warn(
[1.439s] /usr/lib/python3/dist-packages/setuptools/command/install.py:34: SetuptoolsDeprecationWarning: setup.py install is deprecated. Use build and pip and other standards-based tools.
[1.439s]   warnings.warn(
[1.519s] /usr/lib/python3/dist-packages/pkg_resources/__init__.py:116: PkgResourcesDeprecationWarning: 1.16.0-unknown is an invalid version and will not be supported in a future release
[1.519s]   warnings.warn(
[1.519s] /usr/lib/python3/dist-packages/pkg_resources/__init__.py:116: PkgResourcesDeprecationWarning: 0.1.43ubuntu1 is an invalid version and will not be supported in a future release
[1.519s]   warnings.warn(
[1.519s] /usr/lib/python3/dist-packages/pkg_resources/__init__.py:116: PkgResourcesDeprecationWarning: 1.1build1 is an invalid version and will not be supported in a future release
[1.520s]   warnings.warn(
[1.660s] Removing /home/parallels/ros2_ws/install/py_publisher/lib/python3.10/site-packages/py-publisher.egg-link (link to .)
[1.685s] Invoked command in '/home/parallels/ros2_ws/build/py_publisher' returned '0': PYTHONPATH=/home/parallels/ros2_ws/build/py_publisher/prefix_override:/home/parallels/ros2_ws/install/py_publisher/lib/python3.10/site-packages:${PYTHONPATH} /usr/bin/python3 setup.py develop --uninstall --editable --build-directory /home/parallels/ros2_ws/build/py_publisher/build
[1.686s] Invoking command in '/home/parallels/ros2_ws/src/py_publisher': PYTHONPATH=/home/parallels/ros2_ws/build/py_publisher/prefix_override:/home/parallels/ros2_ws/install/py_publisher/lib/python3.10/site-packages:${PYTHONPATH} /usr/bin/python3 setup.py egg_info --egg-base ../../build/py_publisher build --build-base /home/parallels/ros2_ws/build/py_publisher/build install --record /home/parallels/ros2_ws/build/py_publisher/install.log --single-version-externally-managed
[1.989s] running egg_info
[1.989s] writing ../../build/py_publisher/py_publisher.egg-info/PKG-INFO
[1.990s] writing dependency_links to ../../build/py_publisher/py_publisher.egg-info/dependency_links.txt
[1.990s] writing entry points to ../../build/py_publisher/py_publisher.egg-info/entry_points.txt
[1.991s] writing requirements to ../../build/py_publisher/py_publisher.egg-info/requires.txt
[1.991s] writing top-level names to ../../build/py_publisher/py_publisher.egg-info/top_level.txt
[1.995s] reading manifest file '../../build/py_publisher/py_publisher.egg-info/SOURCES.txt'
[1.997s] writing manifest file '../../build/py_publisher/py_publisher.egg-info/SOURCES.txt'
[1.997s] running build
[1.997s] running build_py
[1.999s] running install
[1.999s] /usr/lib/python3/dist-packages/setuptools/command/install.py:34: SetuptoolsDeprecationWarning: setup.py install is deprecated. Use build and pip and other standards-based tools.
[1.999s]   warnings.warn(
[2.000s] running install_lib
[2.001s] creating /home/parallels/ros2_ws/install/py_publisher/lib/python3.10/site-packages/py_publisher
[2.001s] copying /home/parallels/ros2_ws/build/py_publisher/build/lib/py_publisher/__init__.py -> /home/parallels/ros2_ws/install/py_publisher/lib/python3.10/site-packages/py_publisher
[2.001s] copying /home/parallels/ros2_ws/build/py_publisher/build/lib/py_publisher/my_teleop_node.py -> /home/parallels/ros2_ws/install/py_publisher/lib/python3.10/site-packages/py_publisher
[2.003s] byte-compiling /home/parallels/ros2_ws/install/py_publisher/lib/python3.10/site-packages/py_publisher/__init__.py to __init__.cpython-310.pyc
[2.003s] byte-compiling /home/parallels/ros2_ws/install/py_publisher/lib/python3.10/site-packages/py_publisher/my_teleop_node.py to my_teleop_node.cpython-310.pyc
[2.004s] running install_data
[2.005s] running install_egg_info
[2.008s] Copying ../../build/py_publisher/py_publisher.egg-info to /home/parallels/ros2_ws/install/py_publisher/lib/python3.10/site-packages/py_publisher-0.0.0-py3.10.egg-info
[2.010s] running install_scripts
[2.035s] writing list of installed files to '/home/parallels/ros2_ws/build/py_publisher/install.log'
[2.060s] Invoked command in '/home/parallels/ros2_ws/src/py_publisher' returned '0': PYTHONPATH=/home/parallels/ros2_ws/build/py_publisher/prefix_override:/home/parallels/ros2_ws/install/py_publisher/lib/python3.10/site-packages:${PYTHONPATH} /usr/bin/python3 setup.py egg_info --egg-base ../../build/py_publisher build --build-base /home/parallels/ros2_ws/build/py_publisher/build install --record /home/parallels/ros2_ws/build/py_publisher/install.log --single-version-externally-managed
