[0.699s] Invoking command in '/home/parallels/ros2_ws/src/gazo': PYTHONPATH=/home/parallels/ros2_ws/build/gazo/prefix_override:/home/parallels/ros2_ws/install/gazo/lib/python3.10/site-packages:${PYTHONPATH} /usr/bin/python3 setup.py egg_info --egg-base ../../build/gazo build --build-base /home/parallels/ros2_ws/build/gazo/build install --record /home/parallels/ros2_ws/build/gazo/install.log --single-version-externally-managed
[0.974s] running egg_info
[0.975s] writing ../../build/gazo/gazo.egg-info/PKG-INFO
[0.975s] writing dependency_links to ../../build/gazo/gazo.egg-info/dependency_links.txt
[0.975s] writing entry points to ../../build/gazo/gazo.egg-info/entry_points.txt
[0.976s] writing requirements to ../../build/gazo/gazo.egg-info/requires.txt
[0.976s] writing top-level names to ../../build/gazo/gazo.egg-info/top_level.txt
[0.978s] reading manifest file '../../build/gazo/gazo.egg-info/SOURCES.txt'
[0.979s] writing manifest file '../../build/gazo/gazo.egg-info/SOURCES.txt'
[0.979s] running build
[0.979s] running build_py
[0.979s] copying gazo/nononode.py -> /home/parallels/ros2_ws/build/gazo/build/lib/gazo
[0.980s] running install
[0.980s] /usr/lib/python3/dist-packages/setuptools/command/install.py:34: SetuptoolsDeprecationWarning: setup.py install is deprecated. Use build and pip and other standards-based tools.
[0.980s]   warnings.warn(
[0.980s] running install_lib
[0.981s] copying /home/parallels/ros2_ws/build/gazo/build/lib/gazo/nononode.py -> /home/parallels/ros2_ws/install/gazo/lib/python3.10/site-packages/gazo
[0.982s] byte-compiling /home/parallels/ros2_ws/install/gazo/lib/python3.10/site-packages/gazo/nononode.py to nononode.cpython-310.pyc
[0.982s] running install_data
[0.983s] running install_egg_info
[0.984s] removing '/home/parallels/ros2_ws/install/gazo/lib/python3.10/site-packages/gazo-0.0.0-py3.10.egg-info' (and everything under it)
[0.985s] Copying ../../build/gazo/gazo.egg-info to /home/parallels/ros2_ws/install/gazo/lib/python3.10/site-packages/gazo-0.0.0-py3.10.egg-info
[0.986s] running install_scripts
[1.010s] Installing nononode script to /home/parallels/ros2_ws/install/gazo/lib/gazo
[1.010s] writing list of installed files to '/home/parallels/ros2_ws/build/gazo/install.log'
[1.032s] Invoked command in '/home/parallels/ros2_ws/src/gazo' returned '0': PYTHONPATH=/home/parallels/ros2_ws/build/gazo/prefix_override:/home/parallels/ros2_ws/install/gazo/lib/python3.10/site-packages:${PYTHONPATH} /usr/bin/python3 setup.py egg_info --egg-base ../../build/gazo build --build-base /home/parallels/ros2_ws/build/gazo/build install --record /home/parallels/ros2_ws/build/gazo/install.log --single-version-externally-managed
