running egg_info
creating ../../build/happy_node4/happy_node4.egg-info
writing ../../build/happy_node4/happy_node4.egg-info/PKG-INFO
writing dependency_links to ../../build/happy_node4/happy_node4.egg-info/dependency_links.txt
writing entry points to ../../build/happy_node4/happy_node4.egg-info/entry_points.txt
writing requirements to ../../build/happy_node4/happy_node4.egg-info/requires.txt
writing top-level names to ../../build/happy_node4/happy_node4.egg-info/top_level.txt
writing manifest file '../../build/happy_node4/happy_node4.egg-info/SOURCES.txt'
reading manifest file '../../build/happy_node4/happy_node4.egg-info/SOURCES.txt'
writing manifest file '../../build/happy_node4/happy_node4.egg-info/SOURCES.txt'
running build
running build_py
creating /home/parallels/ros2_ws/build/happy_node4/build
creating /home/parallels/ros2_ws/build/happy_node4/build/lib
creating /home/parallels/ros2_ws/build/happy_node4/build/lib/happy_node4
copying happy_node4/__init__.py -> /home/parallels/ros2_ws/build/happy_node4/build/lib/happy_node4
copying happy_node4/happy_subscriber.py -> /home/parallels/ros2_ws/build/happy_node4/build/lib/happy_node4
running install
running install_lib
creating /home/parallels/ros2_ws/install/happy_node4/lib/python3.10/site-packages/happy_node4
copying /home/parallels/ros2_ws/build/happy_node4/build/lib/happy_node4/__init__.py -> /home/parallels/ros2_ws/install/happy_node4/lib/python3.10/site-packages/happy_node4
copying /home/parallels/ros2_ws/build/happy_node4/build/lib/happy_node4/happy_subscriber.py -> /home/parallels/ros2_ws/install/happy_node4/lib/python3.10/site-packages/happy_node4
byte-compiling /home/parallels/ros2_ws/install/happy_node4/lib/python3.10/site-packages/happy_node4/__init__.py to __init__.cpython-310.pyc
byte-compiling /home/parallels/ros2_ws/install/happy_node4/lib/python3.10/site-packages/happy_node4/happy_subscriber.py to happy_subscriber.cpython-310.pyc
running install_data
creating /home/parallels/ros2_ws/install/happy_node4/share/ament_index
creating /home/parallels/ros2_ws/install/happy_node4/share/ament_index/resource_index
creating /home/parallels/ros2_ws/install/happy_node4/share/ament_index/resource_index/packages
copying resource/happy_node4 -> /home/parallels/ros2_ws/install/happy_node4/share/ament_index/resource_index/packages
copying package.xml -> /home/parallels/ros2_ws/install/happy_node4/share/happy_node4
running install_egg_info
Copying ../../build/happy_node4/happy_node4.egg-info to /home/parallels/ros2_ws/install/happy_node4/lib/python3.10/site-packages/happy_node4-0.0.0-py3.10.egg-info
running install_scripts
Installing happy_subscriber script to /home/parallels/ros2_ws/install/happy_node4/lib/happy_node4
writing list of installed files to '/home/parallels/ros2_ws/build/happy_node4/install.log'
