[1.282s] Invoking command in '/home/parallels/ros2_ws/src/hello': CONDA_PROMPT_MODIFIER=(base) PYTHONPATH=/home/parallels/ros2_ws/build/hello/prefix_override:/home/parallels/ros2_ws/install/hello/lib/python3.10/site-packages:${PYTHONPATH} /usr/bin/python3 setup.py egg_info --egg-base ../../build/hello build --build-base /home/parallels/ros2_ws/build/hello/build install --record /home/parallels/ros2_ws/build/hello/install.log --single-version-externally-managed
[1.629s] running egg_info
[1.630s] creating ../../build/hello/hello.egg-info
[1.630s] writing ../../build/hello/hello.egg-info/PKG-INFO
[1.631s] writing dependency_links to ../../build/hello/hello.egg-info/dependency_links.txt
[1.631s] writing entry points to ../../build/hello/hello.egg-info/entry_points.txt
[1.631s] writing requirements to ../../build/hello/hello.egg-info/requires.txt
[1.631s] writing top-level names to ../../build/hello/hello.egg-info/top_level.txt
[1.632s] writing manifest file '../../build/hello/hello.egg-info/SOURCES.txt'
[1.634s] reading manifest file '../../build/hello/hello.egg-info/SOURCES.txt'
[1.635s] writing manifest file '../../build/hello/hello.egg-info/SOURCES.txt'
[1.635s] running build
[1.635s] running build_py
[1.635s] creating /home/parallels/ros2_ws/build/hello/build
[1.636s] creating /home/parallels/ros2_ws/build/hello/build/lib
[1.636s] creating /home/parallels/ros2_ws/build/hello/build/lib/hello
[1.636s] copying hello/__init__.py -> /home/parallels/ros2_ws/build/hello/build/lib/hello
[1.636s] copying hello/hello_node.py -> /home/parallels/ros2_ws/build/hello/build/lib/hello
[1.637s] running install
[1.637s] /usr/lib/python3/dist-packages/setuptools/command/install.py:34: SetuptoolsDeprecationWarning: setup.py install is deprecated. Use build and pip and other standards-based tools.
[1.637s]   warnings.warn(
[1.638s] running install_lib
[1.638s] creating /home/parallels/ros2_ws/install/hello/lib/python3.10/site-packages/hello
[1.639s] copying /home/parallels/ros2_ws/build/hello/build/lib/hello/__init__.py -> /home/parallels/ros2_ws/install/hello/lib/python3.10/site-packages/hello
[1.639s] copying /home/parallels/ros2_ws/build/hello/build/lib/hello/hello_node.py -> /home/parallels/ros2_ws/install/hello/lib/python3.10/site-packages/hello
[1.640s] byte-compiling /home/parallels/ros2_ws/install/hello/lib/python3.10/site-packages/hello/__init__.py to __init__.cpython-310.pyc
[1.640s] byte-compiling /home/parallels/ros2_ws/install/hello/lib/python3.10/site-packages/hello/hello_node.py to hello_node.cpython-310.pyc
[1.640s] running install_data
[1.641s] creating /home/parallels/ros2_ws/install/hello/share/ament_index
[1.642s] creating /home/parallels/ros2_ws/install/hello/share/ament_index/resource_index
[1.642s] creating /home/parallels/ros2_ws/install/hello/share/ament_index/resource_index/packages
[1.642s] copying resource/hello -> /home/parallels/ros2_ws/install/hello/share/ament_index/resource_index/packages
[1.642s] copying package.xml -> /home/parallels/ros2_ws/install/hello/share/hello
[1.643s] running install_egg_info
[1.644s] Copying ../../build/hello/hello.egg-info to /home/parallels/ros2_ws/install/hello/lib/python3.10/site-packages/hello-0.0.0-py3.10.egg-info
[1.645s] running install_scripts
[1.668s] Installing hello_node script to /home/parallels/ros2_ws/install/hello/lib/hello
[1.669s] writing list of installed files to '/home/parallels/ros2_ws/build/hello/install.log'
[1.696s] Invoked command in '/home/parallels/ros2_ws/src/hello' returned '0': CONDA_PROMPT_MODIFIER=(base) PYTHONPATH=/home/parallels/ros2_ws/build/hello/prefix_override:/home/parallels/ros2_ws/install/hello/lib/python3.10/site-packages:${PYTHONPATH} /usr/bin/python3 setup.py egg_info --egg-base ../../build/hello build --build-base /home/parallels/ros2_ws/build/hello/build install --record /home/parallels/ros2_ws/build/hello/install.log --single-version-externally-managed
