running egg_info
writing ../../build/py_publisher/py_publisher.egg-info/PKG-INFO
writing dependency_links to ../../build/py_publisher/py_publisher.egg-info/dependency_links.txt
writing entry points to ../../build/py_publisher/py_publisher.egg-info/entry_points.txt
writing requirements to ../../build/py_publisher/py_publisher.egg-info/requires.txt
writing top-level names to ../../build/py_publisher/py_publisher.egg-info/top_level.txt
reading manifest file '../../build/py_publisher/py_publisher.egg-info/SOURCES.txt'
writing manifest file '../../build/py_publisher/py_publisher.egg-info/SOURCES.txt'
running build
running build_py
copying py_publisher/my_teleop_node.py -> /home/parallels/ros2_ws/build/py_publisher/build/lib/py_publisher
running install
running install_lib
copying /home/parallels/ros2_ws/build/py_publisher/build/lib/py_publisher/my_teleop_node.py -> /home/parallels/ros2_ws/install/py_publisher/lib/python3.10/site-packages/py_publisher
byte-compiling /home/parallels/ros2_ws/install/py_publisher/lib/python3.10/site-packages/py_publisher/my_teleop_node.py to my_teleop_node.cpython-310.pyc
running install_data
running install_egg_info
removing '/home/parallels/ros2_ws/install/py_publisher/lib/python3.10/site-packages/py_publisher-0.0.0-py3.10.egg-info' (and everything under it)
Copying ../../build/py_publisher/py_publisher.egg-info to /home/parallels/ros2_ws/install/py_publisher/lib/python3.10/site-packages/py_publisher-0.0.0-py3.10.egg-info
running install_scripts
writing list of installed files to '/home/parallels/ros2_ws/build/py_publisher/install.log'
