running egg_info
creating ../../build/happy_node3/happy_node3.egg-info
writing ../../build/happy_node3/happy_node3.egg-info/PKG-INFO
writing dependency_links to ../../build/happy_node3/happy_node3.egg-info/dependency_links.txt
writing entry points to ../../build/happy_node3/happy_node3.egg-info/entry_points.txt
writing requirements to ../../build/happy_node3/happy_node3.egg-info/requires.txt
writing top-level names to ../../build/happy_node3/happy_node3.egg-info/top_level.txt
writing manifest file '../../build/happy_node3/happy_node3.egg-info/SOURCES.txt'
reading manifest file '../../build/happy_node3/happy_node3.egg-info/SOURCES.txt'
writing manifest file '../../build/happy_node3/happy_node3.egg-info/SOURCES.txt'
running build
running build_py
creating /home/parallels/ros2_ws/build/happy_node3/build
creating /home/parallels/ros2_ws/build/happy_node3/build/lib
creating /home/parallels/ros2_ws/build/happy_node3/build/lib/happy_node3
copying happy_node3/__init__.py -> /home/parallels/ros2_ws/build/happy_node3/build/lib/happy_node3
copying happy_node3/happy_publisher_node.py -> /home/parallels/ros2_ws/build/happy_node3/build/lib/happy_node3
running install
running install_lib
creating /home/parallels/ros2_ws/install/happy_node3/lib/python3.10/site-packages/happy_node3
copying /home/parallels/ros2_ws/build/happy_node3/build/lib/happy_node3/__init__.py -> /home/parallels/ros2_ws/install/happy_node3/lib/python3.10/site-packages/happy_node3
copying /home/parallels/ros2_ws/build/happy_node3/build/lib/happy_node3/happy_publisher_node.py -> /home/parallels/ros2_ws/install/happy_node3/lib/python3.10/site-packages/happy_node3
byte-compiling /home/parallels/ros2_ws/install/happy_node3/lib/python3.10/site-packages/happy_node3/__init__.py to __init__.cpython-310.pyc
byte-compiling /home/parallels/ros2_ws/install/happy_node3/lib/python3.10/site-packages/happy_node3/happy_publisher_node.py to happy_publisher_node.cpython-310.pyc
running install_data
creating /home/parallels/ros2_ws/install/happy_node3/share/ament_index
creating /home/parallels/ros2_ws/install/happy_node3/share/ament_index/resource_index
creating /home/parallels/ros2_ws/install/happy_node3/share/ament_index/resource_index/packages
copying resource/happy_node3 -> /home/parallels/ros2_ws/install/happy_node3/share/ament_index/resource_index/packages
copying package.xml -> /home/parallels/ros2_ws/install/happy_node3/share/happy_node3
running install_egg_info
Copying ../../build/happy_node3/happy_node3.egg-info to /home/parallels/ros2_ws/install/happy_node3/lib/python3.10/site-packages/happy_node3-0.0.0-py3.10.egg-info
running install_scripts
Installing happy_publisher_node script to /home/parallels/ros2_ws/install/happy_node3/lib/happy_node3
writing list of installed files to '/home/parallels/ros2_ws/build/happy_node3/install.log'
