[1.220s] Invoking command in '/home/parallels/ros2_ws/src/happy_node3': CONDA_PROMPT_MODIFIER=(base) PYTHONPATH=/home/parallels/ros2_ws/build/happy_node3/prefix_override:/home/parallels/ros2_ws/install/happy_node3/lib/python3.10/site-packages:${PYTHONPATH} /usr/bin/python3 setup.py egg_info --egg-base ../../build/happy_node3 build --build-base /home/parallels/ros2_ws/build/happy_node3/build install --record /home/parallels/ros2_ws/build/happy_node3/install.log --single-version-externally-managed
[1.569s] running egg_info
[1.569s] creating ../../build/happy_node3/happy_node3.egg-info
[1.569s] writing ../../build/happy_node3/happy_node3.egg-info/PKG-INFO
[1.570s] writing dependency_links to ../../build/happy_node3/happy_node3.egg-info/dependency_links.txt
[1.570s] writing entry points to ../../build/happy_node3/happy_node3.egg-info/entry_points.txt
[1.570s] writing requirements to ../../build/happy_node3/happy_node3.egg-info/requires.txt
[1.570s] writing top-level names to ../../build/happy_node3/happy_node3.egg-info/top_level.txt
[1.571s] writing manifest file '../../build/happy_node3/happy_node3.egg-info/SOURCES.txt'
[1.572s] reading manifest file '../../build/happy_node3/happy_node3.egg-info/SOURCES.txt'
[1.573s] writing manifest file '../../build/happy_node3/happy_node3.egg-info/SOURCES.txt'
[1.574s] running build
[1.574s] running build_py
[1.574s] creating /home/parallels/ros2_ws/build/happy_node3/build
[1.574s] creating /home/parallels/ros2_ws/build/happy_node3/build/lib
[1.574s] creating /home/parallels/ros2_ws/build/happy_node3/build/lib/happy_node3
[1.574s] copying happy_node3/__init__.py -> /home/parallels/ros2_ws/build/happy_node3/build/lib/happy_node3
[1.575s] copying happy_node3/happy_publisher_node.py -> /home/parallels/ros2_ws/build/happy_node3/build/lib/happy_node3
[1.575s] running install
[1.575s] /usr/lib/python3/dist-packages/setuptools/command/install.py:34: SetuptoolsDeprecationWarning: setup.py install is deprecated. Use build and pip and other standards-based tools.
[1.575s]   warnings.warn(
[1.576s] running install_lib
[1.576s] creating /home/parallels/ros2_ws/install/happy_node3/lib/python3.10/site-packages/happy_node3
[1.577s] copying /home/parallels/ros2_ws/build/happy_node3/build/lib/happy_node3/__init__.py -> /home/parallels/ros2_ws/install/happy_node3/lib/python3.10/site-packages/happy_node3
[1.577s] copying /home/parallels/ros2_ws/build/happy_node3/build/lib/happy_node3/happy_publisher_node.py -> /home/parallels/ros2_ws/install/happy_node3/lib/python3.10/site-packages/happy_node3
[1.578s] byte-compiling /home/parallels/ros2_ws/install/happy_node3/lib/python3.10/site-packages/happy_node3/__init__.py to __init__.cpython-310.pyc
[1.578s] byte-compiling /home/parallels/ros2_ws/install/happy_node3/lib/python3.10/site-packages/happy_node3/happy_publisher_node.py to happy_publisher_node.cpython-310.pyc
[1.579s] running install_data
[1.579s] creating /home/parallels/ros2_ws/install/happy_node3/share/ament_index
[1.579s] creating /home/parallels/ros2_ws/install/happy_node3/share/ament_index/resource_index
[1.580s] creating /home/parallels/ros2_ws/install/happy_node3/share/ament_index/resource_index/packages
[1.580s] copying resource/happy_node3 -> /home/parallels/ros2_ws/install/happy_node3/share/ament_index/resource_index/packages
[1.580s] copying package.xml -> /home/parallels/ros2_ws/install/happy_node3/share/happy_node3
[1.580s] running install_egg_info
[1.582s] Copying ../../build/happy_node3/happy_node3.egg-info to /home/parallels/ros2_ws/install/happy_node3/lib/python3.10/site-packages/happy_node3-0.0.0-py3.10.egg-info
[1.583s] running install_scripts
[1.606s] Installing happy_publisher_node script to /home/parallels/ros2_ws/install/happy_node3/lib/happy_node3
[1.607s] writing list of installed files to '/home/parallels/ros2_ws/build/happy_node3/install.log'
[1.633s] Invoked command in '/home/parallels/ros2_ws/src/happy_node3' returned '0': CONDA_PROMPT_MODIFIER=(base) PYTHONPATH=/home/parallels/ros2_ws/build/happy_node3/prefix_override:/home/parallels/ros2_ws/install/happy_node3/lib/python3.10/site-packages:${PYTHONPATH} /usr/bin/python3 setup.py egg_info --egg-base ../../build/happy_node3 build --build-base /home/parallels/ros2_ws/build/happy_node3/build install --record /home/parallels/ros2_ws/build/happy_node3/install.log --single-version-externally-managed
