[0.653s] DEBUG:colcon:Command line arguments: ['/usr/bin/colcon', 'build']
[0.653s] DEBUG:colcon:Parsed command line arguments: Namespace(log_base=None, log_level=None, verb_name='build', build_base='build', install_base='install', merge_install=False, symlink_install=False, test_result_base=None, continue_on_error=False, executor='parallel', parallel_workers=2, event_handlers=None, ignore_user_meta=False, metas=['./colcon.meta'], base_paths=['.'], packages_ignore=None, packages_ignore_regex=None, paths=None, packages_up_to=None, packages_up_to_regex=None, packages_above=None, packages_above_and_dependencies=None, packages_above_depth=None, packages_select_by_dep=None, packages_skip_by_dep=None, packages_skip_up_to=None, packages_select_build_failed=False, packages_skip_build_finished=False, packages_select_test_failures=False, packages_skip_test_passed=False, packages_select=None, packages_skip=None, packages_select_regex=None, packages_skip_regex=None, packages_start=None, packages_end=None, allow_overriding=[], cmake_args=None, cmake_target=None, cmake_target_skip_unavailable=False, cmake_clean_cache=False, cmake_clean_first=False, cmake_force_configure=False, ament_cmake_args=None, catkin_cmake_args=None, catkin_skip_building_tests=False, verb_parser=<colcon_defaults.argument_parser.defaults.DefaultArgumentsDecorator object at 0x7f1ed7a6bc70>, verb_extension=<colcon_core.verb.build.BuildVerb object at 0x7f1ed7a8bee0>, main=<bound method BuildVerb.main of <colcon_core.verb.build.BuildVerb object at 0x7f1ed7a8bee0>>)
[0.684s] Level 1:colcon.colcon_core.package_discovery:discover_packages(colcon_meta) check parameters
[0.684s] Level 1:colcon.colcon_core.package_discovery:discover_packages(recursive) check parameters
[0.684s] Level 1:colcon.colcon_core.package_discovery:discover_packages(ignore) check parameters
[0.684s] Level 1:colcon.colcon_core.package_discovery:discover_packages(path) check parameters
[0.684s] Level 1:colcon.colcon_core.package_discovery:discover_packages(colcon_meta) discover
[0.684s] Level 1:colcon.colcon_core.package_discovery:discover_packages(recursive) discover
[0.684s] INFO:colcon.colcon_core.package_discovery:Crawling recursively for packages in '/home/parallels/ros2_ws'
[0.684s] Level 1:colcon.colcon_core.package_identification:_identify(.) by extensions ['ignore', 'ignore_ament_install']
[0.684s] Level 1:colcon.colcon_core.package_identification:_identify(.) by extension 'ignore'
[0.685s] Level 1:colcon.colcon_core.package_identification:_identify(.) by extension 'ignore_ament_install'
[0.685s] Level 1:colcon.colcon_core.package_identification:_identify(.) by extensions ['colcon_pkg']
[0.685s] Level 1:colcon.colcon_core.package_identification:_identify(.) by extension 'colcon_pkg'
[0.685s] Level 1:colcon.colcon_core.package_identification:_identify(.) by extensions ['colcon_meta']
[0.685s] Level 1:colcon.colcon_core.package_identification:_identify(.) by extension 'colcon_meta'
[0.685s] Level 1:colcon.colcon_core.package_identification:_identify(.) by extensions ['ros']
[0.685s] Level 1:colcon.colcon_core.package_identification:_identify(.) by extension 'ros'
[0.696s] Level 1:colcon.colcon_core.package_identification:_identify(.) by extensions ['cmake', 'python']
[0.696s] Level 1:colcon.colcon_core.package_identification:_identify(.) by extension 'cmake'
[0.696s] Level 1:colcon.colcon_core.package_identification:_identify(.) by extension 'python'
[0.696s] Level 1:colcon.colcon_core.package_identification:_identify(.) by extensions ['python_setup_py']
[0.696s] Level 1:colcon.colcon_core.package_identification:_identify(.) by extension 'python_setup_py'
[0.696s] Level 1:colcon.colcon_core.package_identification:_identify(build) by extensions ['ignore', 'ignore_ament_install']
[0.696s] Level 1:colcon.colcon_core.package_identification:_identify(build) by extension 'ignore'
[0.696s] Level 1:colcon.colcon_core.package_identification:_identify(build) ignored
[0.696s] Level 1:colcon.colcon_core.package_identification:_identify(install) by extensions ['ignore', 'ignore_ament_install']
[0.696s] Level 1:colcon.colcon_core.package_identification:_identify(install) by extension 'ignore'
[0.696s] Level 1:colcon.colcon_core.package_identification:_identify(install) ignored
[0.696s] Level 1:colcon.colcon_core.package_identification:_identify(log) by extensions ['ignore', 'ignore_ament_install']
[0.697s] Level 1:colcon.colcon_core.package_identification:_identify(log) by extension 'ignore'
[0.697s] Level 1:colcon.colcon_core.package_identification:_identify(log) ignored
[0.697s] Level 1:colcon.colcon_core.package_identification:_identify(src) by extensions ['ignore', 'ignore_ament_install']
[0.697s] Level 1:colcon.colcon_core.package_identification:_identify(src) by extension 'ignore'
[0.697s] Level 1:colcon.colcon_core.package_identification:_identify(src) by extension 'ignore_ament_install'
[0.697s] Level 1:colcon.colcon_core.package_identification:_identify(src) by extensions ['colcon_pkg']
[0.697s] Level 1:colcon.colcon_core.package_identification:_identify(src) by extension 'colcon_pkg'
[0.697s] Level 1:colcon.colcon_core.package_identification:_identify(src) by extensions ['colcon_meta']
[0.697s] Level 1:colcon.colcon_core.package_identification:_identify(src) by extension 'colcon_meta'
[0.697s] Level 1:colcon.colcon_core.package_identification:_identify(src) by extensions ['ros']
[0.697s] Level 1:colcon.colcon_core.package_identification:_identify(src) by extension 'ros'
[0.697s] Level 1:colcon.colcon_core.package_identification:_identify(src) by extensions ['cmake', 'python']
[0.697s] Level 1:colcon.colcon_core.package_identification:_identify(src) by extension 'cmake'
[0.697s] Level 1:colcon.colcon_core.package_identification:_identify(src) by extension 'python'
[0.697s] Level 1:colcon.colcon_core.package_identification:_identify(src) by extensions ['python_setup_py']
[0.697s] Level 1:colcon.colcon_core.package_identification:_identify(src) by extension 'python_setup_py'
[0.697s] Level 1:colcon.colcon_core.package_identification:_identify(src/hello) by extensions ['ignore', 'ignore_ament_install']
[0.697s] Level 1:colcon.colcon_core.package_identification:_identify(src/hello) by extension 'ignore'
[0.697s] Level 1:colcon.colcon_core.package_identification:_identify(src/hello) by extension 'ignore_ament_install'
[0.698s] Level 1:colcon.colcon_core.package_identification:_identify(src/hello) by extensions ['colcon_pkg']
[0.698s] Level 1:colcon.colcon_core.package_identification:_identify(src/hello) by extension 'colcon_pkg'
[0.698s] Level 1:colcon.colcon_core.package_identification:_identify(src/hello) by extensions ['colcon_meta']
[0.698s] Level 1:colcon.colcon_core.package_identification:_identify(src/hello) by extension 'colcon_meta'
[0.698s] Level 1:colcon.colcon_core.package_identification:_identify(src/hello) by extensions ['ros']
[0.698s] Level 1:colcon.colcon_core.package_identification:_identify(src/hello) by extension 'ros'
[0.701s] DEBUG:colcon.colcon_core.package_identification:Package 'src/hello' with type 'ros.ament_python' and name 'hello'
[0.701s] Level 1:colcon.colcon_core.package_identification:_identify(src/py_publisher) by extensions ['ignore', 'ignore_ament_install']
[0.701s] Level 1:colcon.colcon_core.package_identification:_identify(src/py_publisher) by extension 'ignore'
[0.701s] Level 1:colcon.colcon_core.package_identification:_identify(src/py_publisher) by extension 'ignore_ament_install'
[0.701s] Level 1:colcon.colcon_core.package_identification:_identify(src/py_publisher) by extensions ['colcon_pkg']
[0.701s] Level 1:colcon.colcon_core.package_identification:_identify(src/py_publisher) by extension 'colcon_pkg'
[0.702s] Level 1:colcon.colcon_core.package_identification:_identify(src/py_publisher) by extensions ['colcon_meta']
[0.702s] Level 1:colcon.colcon_core.package_identification:_identify(src/py_publisher) by extension 'colcon_meta'
[0.702s] Level 1:colcon.colcon_core.package_identification:_identify(src/py_publisher) by extensions ['ros']
[0.702s] Level 1:colcon.colcon_core.package_identification:_identify(src/py_publisher) by extension 'ros'
[0.702s] DEBUG:colcon.colcon_core.package_identification:Package 'src/py_publisher' with type 'ros.ament_python' and name 'py_publisher'
[0.702s] Level 1:colcon.colcon_core.package_identification:_identify(src/py_subscriber) by extensions ['ignore', 'ignore_ament_install']
[0.702s] Level 1:colcon.colcon_core.package_identification:_identify(src/py_subscriber) by extension 'ignore'
[0.702s] Level 1:colcon.colcon_core.package_identification:_identify(src/py_subscriber) by extension 'ignore_ament_install'
[0.702s] Level 1:colcon.colcon_core.package_identification:_identify(src/py_subscriber) by extensions ['colcon_pkg']
[0.702s] Level 1:colcon.colcon_core.package_identification:_identify(src/py_subscriber) by extension 'colcon_pkg'
[0.702s] Level 1:colcon.colcon_core.package_identification:_identify(src/py_subscriber) by extensions ['colcon_meta']
[0.703s] Level 1:colcon.colcon_core.package_identification:_identify(src/py_subscriber) by extension 'colcon_meta'
[0.703s] Level 1:colcon.colcon_core.package_identification:_identify(src/py_subscriber) by extensions ['ros']
[0.703s] Level 1:colcon.colcon_core.package_identification:_identify(src/py_subscriber) by extension 'ros'
[0.703s] DEBUG:colcon.colcon_core.package_identification:Package 'src/py_subscriber' with type 'ros.ament_python' and name 'py_subscriber'
[0.703s] Level 1:colcon.colcon_core.package_discovery:discover_packages(recursive) using defaults
[0.703s] Level 1:colcon.colcon_core.package_discovery:discover_packages(ignore) discover
[0.703s] Level 1:colcon.colcon_core.package_discovery:discover_packages(ignore) using defaults
[0.703s] Level 1:colcon.colcon_core.package_discovery:discover_packages(path) discover
[0.703s] Level 1:colcon.colcon_core.package_discovery:discover_packages(path) using defaults
[0.735s] Level 1:colcon.colcon_core.package_discovery:discover_packages(prefix_path) check parameters
[0.735s] Level 1:colcon.colcon_core.package_discovery:discover_packages(prefix_path) discover
[0.759s] DEBUG:colcon.colcon_installed_package_information.package_discovery:Found 19 installed packages in /home/parallels/turtlebot3_ws/install
[0.761s] DEBUG:colcon.colcon_installed_package_information.package_discovery:Found 3 installed packages in /home/parallels/ros2_ws/install
[0.763s] DEBUG:colcon.colcon_installed_package_information.package_discovery:Found 362 installed packages in /opt/ros/humble
[0.766s] Level 1:colcon.colcon_core.package_discovery:discover_packages(prefix_path) using defaults
[0.985s] Level 5:colcon.colcon_core.verb:set package 'hello' build argument 'cmake_args' from command line to 'None'
[0.985s] Level 5:colcon.colcon_core.verb:set package 'hello' build argument 'cmake_target' from command line to 'None'
[0.985s] Level 5:colcon.colcon_core.verb:set package 'hello' build argument 'cmake_target_skip_unavailable' from command line to 'False'
[0.985s] Level 5:colcon.colcon_core.verb:set package 'hello' build argument 'cmake_clean_cache' from command line to 'False'
[0.985s] Level 5:colcon.colcon_core.verb:set package 'hello' build argument 'cmake_clean_first' from command line to 'False'
[0.985s] Level 5:colcon.colcon_core.verb:set package 'hello' build argument 'cmake_force_configure' from command line to 'False'
[0.985s] Level 5:colcon.colcon_core.verb:set package 'hello' build argument 'ament_cmake_args' from command line to 'None'
[0.985s] Level 5:colcon.colcon_core.verb:set package 'hello' build argument 'catkin_cmake_args' from command line to 'None'
[0.985s] Level 5:colcon.colcon_core.verb:set package 'hello' build argument 'catkin_skip_building_tests' from command line to 'False'
[0.985s] DEBUG:colcon.colcon_core.verb:Building package 'hello' with the following arguments: {'ament_cmake_args': None, 'build_base': '/home/parallels/ros2_ws/build/hello', 'catkin_cmake_args': None, 'catkin_skip_building_tests': False, 'cmake_args': None, 'cmake_clean_cache': False, 'cmake_clean_first': False, 'cmake_force_configure': False, 'cmake_target': None, 'cmake_target_skip_unavailable': False, 'install_base': '/home/parallels/ros2_ws/install/hello', 'merge_install': False, 'path': '/home/parallels/ros2_ws/src/hello', 'symlink_install': False, 'test_result_base': None}
[0.986s] Level 5:colcon.colcon_core.verb:set package 'py_publisher' build argument 'cmake_args' from command line to 'None'
[0.987s] Level 5:colcon.colcon_core.verb:set package 'py_publisher' build argument 'cmake_target' from command line to 'None'
[0.987s] Level 5:colcon.colcon_core.verb:set package 'py_publisher' build argument 'cmake_target_skip_unavailable' from command line to 'False'
[0.987s] Level 5:colcon.colcon_core.verb:set package 'py_publisher' build argument 'cmake_clean_cache' from command line to 'False'
[0.987s] Level 5:colcon.colcon_core.verb:set package 'py_publisher' build argument 'cmake_clean_first' from command line to 'False'
[0.987s] Level 5:colcon.colcon_core.verb:set package 'py_publisher' build argument 'cmake_force_configure' from command line to 'False'
[0.987s] Level 5:colcon.colcon_core.verb:set package 'py_publisher' build argument 'ament_cmake_args' from command line to 'None'
[0.987s] Level 5:colcon.colcon_core.verb:set package 'py_publisher' build argument 'catkin_cmake_args' from command line to 'None'
[0.987s] Level 5:colcon.colcon_core.verb:set package 'py_publisher' build argument 'catkin_skip_building_tests' from command line to 'False'
[0.987s] DEBUG:colcon.colcon_core.verb:Building package 'py_publisher' with the following arguments: {'ament_cmake_args': None, 'build_base': '/home/parallels/ros2_ws/build/py_publisher', 'catkin_cmake_args': None, 'catkin_skip_building_tests': False, 'cmake_args': None, 'cmake_clean_cache': False, 'cmake_clean_first': False, 'cmake_force_configure': False, 'cmake_target': None, 'cmake_target_skip_unavailable': False, 'install_base': '/home/parallels/ros2_ws/install/py_publisher', 'merge_install': False, 'path': '/home/parallels/ros2_ws/src/py_publisher', 'symlink_install': False, 'test_result_base': None}
[0.988s] Level 5:colcon.colcon_core.verb:set package 'py_subscriber' build argument 'cmake_args' from command line to 'None'
[0.988s] Level 5:colcon.colcon_core.verb:set package 'py_subscriber' build argument 'cmake_target' from command line to 'None'
[0.988s] Level 5:colcon.colcon_core.verb:set package 'py_subscriber' build argument 'cmake_target_skip_unavailable' from command line to 'False'
[0.988s] Level 5:colcon.colcon_core.verb:set package 'py_subscriber' build argument 'cmake_clean_cache' from command line to 'False'
[0.988s] Level 5:colcon.colcon_core.verb:set package 'py_subscriber' build argument 'cmake_clean_first' from command line to 'False'
[0.988s] Level 5:colcon.colcon_core.verb:set package 'py_subscriber' build argument 'cmake_force_configure' from command line to 'False'
[0.988s] Level 5:colcon.colcon_core.verb:set package 'py_subscriber' build argument 'ament_cmake_args' from command line to 'None'
[0.988s] Level 5:colcon.colcon_core.verb:set package 'py_subscriber' build argument 'catkin_cmake_args' from command line to 'None'
[0.988s] Level 5:colcon.colcon_core.verb:set package 'py_subscriber' build argument 'catkin_skip_building_tests' from command line to 'False'
[0.988s] DEBUG:colcon.colcon_core.verb:Building package 'py_subscriber' with the following arguments: {'ament_cmake_args': None, 'build_base': '/home/parallels/ros2_ws/build/py_subscriber', 'catkin_cmake_args': None, 'catkin_skip_building_tests': False, 'cmake_args': None, 'cmake_clean_cache': False, 'cmake_clean_first': False, 'cmake_force_configure': False, 'cmake_target': None, 'cmake_target_skip_unavailable': False, 'install_base': '/home/parallels/ros2_ws/install/py_subscriber', 'merge_install': False, 'path': '/home/parallels/ros2_ws/src/py_subscriber', 'symlink_install': False, 'test_result_base': None}
[0.989s] INFO:colcon.colcon_core.executor:Executing jobs using 'parallel' executor
[0.993s] DEBUG:colcon.colcon_parallel_executor.executor.parallel:run_until_complete
[0.993s] INFO:colcon.colcon_ros.task.ament_python.build:Building ROS package in '/home/parallels/ros2_ws/src/hello' with build type 'ament_python'
[0.993s] Level 1:colcon.colcon_core.shell:create_environment_hook('hello', 'ament_prefix_path')
[1.004s] INFO:colcon.colcon_core.plugin_system:Skipping extension 'colcon_core.shell.bat': Not used on non-Windows systems
[1.004s] INFO:colcon.colcon_core.shell:Creating environment hook '/home/parallels/ros2_ws/install/hello/share/hello/hook/ament_prefix_path.ps1'
[1.005s] INFO:colcon.colcon_core.shell:Creating environment descriptor '/home/parallels/ros2_ws/install/hello/share/hello/hook/ament_prefix_path.dsv'
[1.006s] INFO:colcon.colcon_core.shell:Creating environment hook '/home/parallels/ros2_ws/install/hello/share/hello/hook/ament_prefix_path.sh'
[1.009s] INFO:colcon.colcon_core.shell:Skip shell extension 'powershell' for command environment: Not usable outside of PowerShell
[1.009s] DEBUG:colcon.colcon_core.shell:Skip shell extension 'dsv' for command environment
[1.018s] INFO:colcon.colcon_ros.task.ament_python.build:Building ROS package in '/home/parallels/ros2_ws/src/py_publisher' with build type 'ament_python'
[1.019s] Level 1:colcon.colcon_core.shell:create_environment_hook('py_publisher', 'ament_prefix_path')
[1.020s] INFO:colcon.colcon_core.shell:Creating environment hook '/home/parallels/ros2_ws/install/py_publisher/share/py_publisher/hook/ament_prefix_path.ps1'
[1.021s] INFO:colcon.colcon_core.shell:Creating environment descriptor '/home/parallels/ros2_ws/install/py_publisher/share/py_publisher/hook/ament_prefix_path.dsv'
[1.021s] INFO:colcon.colcon_core.shell:Creating environment hook '/home/parallels/ros2_ws/install/py_publisher/share/py_publisher/hook/ament_prefix_path.sh'
[1.023s] INFO:colcon.colcon_core.shell:Skip shell extension 'powershell' for command environment: Not usable outside of PowerShell
[1.024s] DEBUG:colcon.colcon_core.shell:Skip shell extension 'dsv' for command environment
[1.370s] INFO:colcon.colcon_core.task.python.build:Building Python package in '/home/parallels/ros2_ws/src/hello'
[1.373s] INFO:colcon.colcon_core.shell:Skip shell extension 'powershell' for command environment: Not usable outside of PowerShell
[1.373s] DEBUG:colcon.colcon_core.shell:Skip shell extension 'dsv' for command environment
[1.862s] INFO:colcon.colcon_core.task.python.build:Building Python package in '/home/parallels/ros2_ws/src/py_publisher'
[1.864s] INFO:colcon.colcon_core.shell:Skip shell extension 'powershell' for command environment: Not usable outside of PowerShell
[1.864s] DEBUG:colcon.colcon_core.shell:Skip shell extension 'dsv' for command environment
[2.526s] DEBUG:colcon.colcon_core.event_handler.log_command:Invoking command in '/home/parallels/ros2_ws/build/py_publisher': CONDA_PROMPT_MODIFIER=(base) PYTHONPATH=/home/parallels/ros2_ws/build/py_publisher/prefix_override:/home/parallels/ros2_ws/install/py_publisher/lib/python3.10/site-packages:${PYTHONPATH} /usr/bin/python3 setup.py develop --uninstall --editable --build-directory /home/parallels/ros2_ws/build/py_publisher/build
[2.536s] DEBUG:colcon.colcon_core.event_handler.log_command:Invoking command in '/home/parallels/ros2_ws/src/hello': CONDA_PROMPT_MODIFIER=(base) PYTHONPATH=/home/parallels/ros2_ws/build/hello/prefix_override:/home/parallels/ros2_ws/install/hello/lib/python3.10/site-packages:${PYTHONPATH} /usr/bin/python3 setup.py egg_info --egg-base ../../build/hello build --build-base /home/parallels/ros2_ws/build/hello/build install --record /home/parallels/ros2_ws/build/hello/install.log --single-version-externally-managed
[3.052s] DEBUG:colcon.colcon_core.event_handler.log_command:Invoked command in '/home/parallels/ros2_ws/src/hello' returned '0': CONDA_PROMPT_MODIFIER=(base) PYTHONPATH=/home/parallels/ros2_ws/build/hello/prefix_override:/home/parallels/ros2_ws/install/hello/lib/python3.10/site-packages:${PYTHONPATH} /usr/bin/python3 setup.py egg_info --egg-base ../../build/hello build --build-base /home/parallels/ros2_ws/build/hello/build install --record /home/parallels/ros2_ws/build/hello/install.log --single-version-externally-managed
[3.078s] Level 1:colcon.colcon_core.environment:checking '/home/parallels/ros2_ws/install/hello' for CMake module files
[3.078s] Level 1:colcon.colcon_core.environment:checking '/home/parallels/ros2_ws/install/hello' for CMake config files
[3.079s] Level 1:colcon.colcon_core.environment:checking '/home/parallels/ros2_ws/install/hello/lib'
[3.079s] Level 1:colcon.colcon_core.environment:checking '/home/parallels/ros2_ws/install/hello/bin'
[3.079s] Level 1:colcon.colcon_core.environment:checking '/home/parallels/ros2_ws/install/hello/lib/pkgconfig/hello.pc'
[3.080s] Level 1:colcon.colcon_core.environment:checking '/home/parallels/ros2_ws/install/hello/lib/python3.10/site-packages'
[3.080s] Level 1:colcon.colcon_core.shell:create_environment_hook('hello', 'pythonpath')
[3.081s] INFO:colcon.colcon_core.shell:Creating environment hook '/home/parallels/ros2_ws/install/hello/share/hello/hook/pythonpath.ps1'
[3.082s] INFO:colcon.colcon_core.shell:Creating environment descriptor '/home/parallels/ros2_ws/install/hello/share/hello/hook/pythonpath.dsv'
[3.082s] INFO:colcon.colcon_core.shell:Creating environment hook '/home/parallels/ros2_ws/install/hello/share/hello/hook/pythonpath.sh'
[3.083s] Level 1:colcon.colcon_core.environment:checking '/home/parallels/ros2_ws/install/hello/bin'
[3.083s] Level 1:colcon.colcon_core.environment:create_environment_scripts_only(hello)
[3.085s] INFO:colcon.colcon_core.shell:Creating package script '/home/parallels/ros2_ws/install/hello/share/hello/package.ps1'
[3.086s] INFO:colcon.colcon_core.shell:Creating package descriptor '/home/parallels/ros2_ws/install/hello/share/hello/package.dsv'
[3.087s] INFO:colcon.colcon_core.shell:Creating package script '/home/parallels/ros2_ws/install/hello/share/hello/package.sh'
[3.088s] INFO:colcon.colcon_core.shell:Creating package script '/home/parallels/ros2_ws/install/hello/share/hello/package.bash'
[3.090s] INFO:colcon.colcon_core.shell:Creating package script '/home/parallels/ros2_ws/install/hello/share/hello/package.zsh'
[3.091s] Level 1:colcon.colcon_core.environment:create_file_with_runtime_dependencies(/home/parallels/ros2_ws/install/hello/share/colcon-core/packages/hello)
[3.092s] INFO:colcon.colcon_ros.task.ament_python.build:Building ROS package in '/home/parallels/ros2_ws/src/py_subscriber' with build type 'ament_python'
[3.092s] Level 1:colcon.colcon_core.shell:create_environment_hook('py_subscriber', 'ament_prefix_path')
[3.094s] INFO:colcon.colcon_core.shell:Creating environment hook '/home/parallels/ros2_ws/install/py_subscriber/share/py_subscriber/hook/ament_prefix_path.ps1'
[3.095s] INFO:colcon.colcon_core.shell:Creating environment descriptor '/home/parallels/ros2_ws/install/py_subscriber/share/py_subscriber/hook/ament_prefix_path.dsv'
[3.096s] INFO:colcon.colcon_core.shell:Creating environment hook '/home/parallels/ros2_ws/install/py_subscriber/share/py_subscriber/hook/ament_prefix_path.sh'
[3.099s] INFO:colcon.colcon_core.shell:Skip shell extension 'powershell' for command environment: Not usable outside of PowerShell
[3.099s] DEBUG:colcon.colcon_core.shell:Skip shell extension 'dsv' for command environment
[3.562s] INFO:colcon.colcon_core.task.python.build:Building Python package in '/home/parallels/ros2_ws/src/py_subscriber'
[3.564s] INFO:colcon.colcon_core.shell:Skip shell extension 'powershell' for command environment: Not usable outside of PowerShell
[3.564s] DEBUG:colcon.colcon_core.shell:Skip shell extension 'dsv' for command environment
[3.580s] DEBUG:colcon.colcon_core.event_handler.log_command:Invoked command in '/home/parallels/ros2_ws/build/py_publisher' returned '0': CONDA_PROMPT_MODIFIER=(base) PYTHONPATH=/home/parallels/ros2_ws/build/py_publisher/prefix_override:/home/parallels/ros2_ws/install/py_publisher/lib/python3.10/site-packages:${PYTHONPATH} /usr/bin/python3 setup.py develop --uninstall --editable --build-directory /home/parallels/ros2_ws/build/py_publisher/build
[3.584s] DEBUG:colcon.colcon_core.event_handler.log_command:Invoking command in '/home/parallels/ros2_ws/src/py_publisher': CONDA_PROMPT_MODIFIER=(base) PYTHONPATH=/home/parallels/ros2_ws/build/py_publisher/prefix_override:/home/parallels/ros2_ws/install/py_publisher/lib/python3.10/site-packages:${PYTHONPATH} /usr/bin/python3 setup.py egg_info --egg-base ../../build/py_publisher build --build-base /home/parallels/ros2_ws/build/py_publisher/build install --record /home/parallels/ros2_ws/build/py_publisher/install.log --single-version-externally-managed
[4.316s] Level 1:colcon.colcon_core.environment:checking '/home/parallels/ros2_ws/install/py_publisher' for CMake module files
[4.317s] DEBUG:colcon.colcon_core.event_handler.log_command:Invoked command in '/home/parallels/ros2_ws/src/py_publisher' returned '0': CONDA_PROMPT_MODIFIER=(base) PYTHONPATH=/home/parallels/ros2_ws/build/py_publisher/prefix_override:/home/parallels/ros2_ws/install/py_publisher/lib/python3.10/site-packages:${PYTHONPATH} /usr/bin/python3 setup.py egg_info --egg-base ../../build/py_publisher build --build-base /home/parallels/ros2_ws/build/py_publisher/build install --record /home/parallels/ros2_ws/build/py_publisher/install.log --single-version-externally-managed
[4.317s] Level 1:colcon.colcon_core.environment:checking '/home/parallels/ros2_ws/install/py_publisher' for CMake config files
[4.318s] Level 1:colcon.colcon_core.environment:checking '/home/parallels/ros2_ws/install/py_publisher/lib'
[4.318s] Level 1:colcon.colcon_core.environment:checking '/home/parallels/ros2_ws/install/py_publisher/bin'
[4.318s] Level 1:colcon.colcon_core.environment:checking '/home/parallels/ros2_ws/install/py_publisher/lib/pkgconfig/py_publisher.pc'
[4.319s] Level 1:colcon.colcon_core.environment:checking '/home/parallels/ros2_ws/install/py_publisher/lib/python3.10/site-packages'
[4.319s] Level 1:colcon.colcon_core.shell:create_environment_hook('py_publisher', 'pythonpath')
[4.321s] INFO:colcon.colcon_core.shell:Creating environment hook '/home/parallels/ros2_ws/install/py_publisher/share/py_publisher/hook/pythonpath.ps1'
[4.321s] INFO:colcon.colcon_core.shell:Creating environment descriptor '/home/parallels/ros2_ws/install/py_publisher/share/py_publisher/hook/pythonpath.dsv'
[4.322s] INFO:colcon.colcon_core.shell:Creating environment hook '/home/parallels/ros2_ws/install/py_publisher/share/py_publisher/hook/pythonpath.sh'
[4.322s] Level 1:colcon.colcon_core.environment:checking '/home/parallels/ros2_ws/install/py_publisher/bin'
[4.322s] Level 1:colcon.colcon_core.environment:create_environment_scripts_only(py_publisher)
[4.324s] INFO:colcon.colcon_core.shell:Creating package script '/home/parallels/ros2_ws/install/py_publisher/share/py_publisher/package.ps1'
[4.325s] INFO:colcon.colcon_core.shell:Creating package descriptor '/home/parallels/ros2_ws/install/py_publisher/share/py_publisher/package.dsv'
[4.325s] INFO:colcon.colcon_core.shell:Creating package script '/home/parallels/ros2_ws/install/py_publisher/share/py_publisher/package.sh'
[4.326s] INFO:colcon.colcon_core.shell:Creating package script '/home/parallels/ros2_ws/install/py_publisher/share/py_publisher/package.bash'
[4.326s] INFO:colcon.colcon_core.shell:Creating package script '/home/parallels/ros2_ws/install/py_publisher/share/py_publisher/package.zsh'
[4.327s] Level 1:colcon.colcon_core.environment:create_file_with_runtime_dependencies(/home/parallels/ros2_ws/install/py_publisher/share/colcon-core/packages/py_publisher)
[4.490s] DEBUG:colcon.colcon_core.event_handler.log_command:Invoking command in '/home/parallels/ros2_ws/build/py_subscriber': CONDA_PROMPT_MODIFIER=(base) PYTHONPATH=/home/parallels/ros2_ws/build/py_subscriber/prefix_override:/home/parallels/ros2_ws/install/py_subscriber/lib/python3.10/site-packages:${PYTHONPATH} /usr/bin/python3 setup.py develop --uninstall --editable --build-directory /home/parallels/ros2_ws/build/py_subscriber/build
[5.192s] DEBUG:colcon.colcon_core.event_handler.log_command:Invoked command in '/home/parallels/ros2_ws/build/py_subscriber' returned '0': CONDA_PROMPT_MODIFIER=(base) PYTHONPATH=/home/parallels/ros2_ws/build/py_subscriber/prefix_override:/home/parallels/ros2_ws/install/py_subscriber/lib/python3.10/site-packages:${PYTHONPATH} /usr/bin/python3 setup.py develop --uninstall --editable --build-directory /home/parallels/ros2_ws/build/py_subscriber/build
[5.193s] DEBUG:colcon.colcon_core.event_handler.log_command:Invoking command in '/home/parallels/ros2_ws/src/py_subscriber': CONDA_PROMPT_MODIFIER=(base) PYTHONPATH=/home/parallels/ros2_ws/build/py_subscriber/prefix_override:/home/parallels/ros2_ws/install/py_subscriber/lib/python3.10/site-packages:${PYTHONPATH} /usr/bin/python3 setup.py egg_info --egg-base ../../build/py_subscriber build --build-base /home/parallels/ros2_ws/build/py_subscriber/build install --record /home/parallels/ros2_ws/build/py_subscriber/install.log --single-version-externally-managed
[5.632s] Level 1:colcon.colcon_core.environment:checking '/home/parallels/ros2_ws/install/py_subscriber' for CMake module files
[5.633s] DEBUG:colcon.colcon_core.event_handler.log_command:Invoked command in '/home/parallels/ros2_ws/src/py_subscriber' returned '0': CONDA_PROMPT_MODIFIER=(base) PYTHONPATH=/home/parallels/ros2_ws/build/py_subscriber/prefix_override:/home/parallels/ros2_ws/install/py_subscriber/lib/python3.10/site-packages:${PYTHONPATH} /usr/bin/python3 setup.py egg_info --egg-base ../../build/py_subscriber build --build-base /home/parallels/ros2_ws/build/py_subscriber/build install --record /home/parallels/ros2_ws/build/py_subscriber/install.log --single-version-externally-managed
[5.634s] Level 1:colcon.colcon_core.environment:checking '/home/parallels/ros2_ws/install/py_subscriber' for CMake config files
[5.635s] Level 1:colcon.colcon_core.environment:checking '/home/parallels/ros2_ws/install/py_subscriber/lib'
[5.635s] Level 1:colcon.colcon_core.environment:checking '/home/parallels/ros2_ws/install/py_subscriber/bin'
[5.636s] Level 1:colcon.colcon_core.environment:checking '/home/parallels/ros2_ws/install/py_subscriber/lib/pkgconfig/py_subscriber.pc'
[5.636s] Level 1:colcon.colcon_core.environment:checking '/home/parallels/ros2_ws/install/py_subscriber/lib/python3.10/site-packages'
[5.636s] Level 1:colcon.colcon_core.shell:create_environment_hook('py_subscriber', 'pythonpath')
[5.639s] INFO:colcon.colcon_core.shell:Creating environment hook '/home/parallels/ros2_ws/install/py_subscriber/share/py_subscriber/hook/pythonpath.ps1'
[5.640s] INFO:colcon.colcon_core.shell:Creating environment descriptor '/home/parallels/ros2_ws/install/py_subscriber/share/py_subscriber/hook/pythonpath.dsv'
[5.640s] INFO:colcon.colcon_core.shell:Creating environment hook '/home/parallels/ros2_ws/install/py_subscriber/share/py_subscriber/hook/pythonpath.sh'
[5.641s] Level 1:colcon.colcon_core.environment:checking '/home/parallels/ros2_ws/install/py_subscriber/bin'
[5.641s] Level 1:colcon.colcon_core.environment:create_environment_scripts_only(py_subscriber)
[5.643s] INFO:colcon.colcon_core.shell:Creating package script '/home/parallels/ros2_ws/install/py_subscriber/share/py_subscriber/package.ps1'
[5.643s] INFO:colcon.colcon_core.shell:Creating package descriptor '/home/parallels/ros2_ws/install/py_subscriber/share/py_subscriber/package.dsv'
[5.644s] INFO:colcon.colcon_core.shell:Creating package script '/home/parallels/ros2_ws/install/py_subscriber/share/py_subscriber/package.sh'
[5.644s] INFO:colcon.colcon_core.shell:Creating package script '/home/parallels/ros2_ws/install/py_subscriber/share/py_subscriber/package.bash'
[5.645s] INFO:colcon.colcon_core.shell:Creating package script '/home/parallels/ros2_ws/install/py_subscriber/share/py_subscriber/package.zsh'
[5.645s] Level 1:colcon.colcon_core.environment:create_file_with_runtime_dependencies(/home/parallels/ros2_ws/install/py_subscriber/share/colcon-core/packages/py_subscriber)
[5.645s] DEBUG:colcon.colcon_parallel_executor.executor.parallel:closing loop
[5.646s] DEBUG:colcon.colcon_parallel_executor.executor.parallel:loop closed
[5.646s] DEBUG:colcon.colcon_parallel_executor.executor.parallel:run_until_complete finished with '0'
[5.646s] DEBUG:colcon.colcon_core.event_reactor:joining thread
[5.660s] INFO:colcon.colcon_core.plugin_system:Skipping extension 'colcon_notification.desktop_notification.terminal_notifier': Not used on non-Darwin systems
[5.660s] INFO:colcon.colcon_core.plugin_system:Skipping extension 'colcon_notification.desktop_notification.win32': Not used on non-Windows systems
[5.660s] INFO:colcon.colcon_notification.desktop_notification:Sending desktop notification using 'notify2'
[5.681s] DEBUG:colcon.colcon_core.event_reactor:joined thread
[5.691s] INFO:colcon.colcon_core.shell:Creating prefix script '/home/parallels/ros2_ws/install/local_setup.ps1'
[5.693s] INFO:colcon.colcon_core.shell:Creating prefix util module '/home/parallels/ros2_ws/install/_local_setup_util_ps1.py'
[5.696s] INFO:colcon.colcon_core.shell:Creating prefix chain script '/home/parallels/ros2_ws/install/setup.ps1'
[5.703s] INFO:colcon.colcon_core.shell:Creating prefix script '/home/parallels/ros2_ws/install/local_setup.sh'
[5.704s] INFO:colcon.colcon_core.shell:Creating prefix util module '/home/parallels/ros2_ws/install/_local_setup_util_sh.py'
[5.705s] INFO:colcon.colcon_core.shell:Creating prefix chain script '/home/parallels/ros2_ws/install/setup.sh'
[5.710s] INFO:colcon.colcon_core.shell:Creating prefix script '/home/parallels/ros2_ws/install/local_setup.bash'
[5.711s] INFO:colcon.colcon_core.shell:Creating prefix chain script '/home/parallels/ros2_ws/install/setup.bash'
[5.717s] INFO:colcon.colcon_core.shell:Creating prefix script '/home/parallels/ros2_ws/install/local_setup.zsh'
[5.719s] INFO:colcon.colcon_core.shell:Creating prefix chain script '/home/parallels/ros2_ws/install/setup.zsh'
