[0.979s] Invoking command in '/home/parallels/ros2_ws/src/clearBG': PYTHONPATH=/home/parallels/ros2_ws/build/clearBG/prefix_override:/home/parallels/ros2_ws/install/clearBG/lib/python3.10/site-packages:${PYTHONPATH} /usr/bin/python3 setup.py egg_info --egg-base ../../build/clearBG build --build-base /home/parallels/ros2_ws/build/clearBG/build install --record /home/parallels/ros2_ws/build/clearBG/install.log --single-version-externally-managed
[1.261s] running egg_info
[1.262s] writing ../../build/clearBG/clearBG.egg-info/PKG-INFO
[1.263s] writing dependency_links to ../../build/clearBG/clearBG.egg-info/dependency_links.txt
[1.263s] writing entry points to ../../build/clearBG/clearBG.egg-info/entry_points.txt
[1.264s] writing requirements to ../../build/clearBG/clearBG.egg-info/requires.txt
[1.264s] writing top-level names to ../../build/clearBG/clearBG.egg-info/top_level.txt
[1.267s] reading manifest file '../../build/clearBG/clearBG.egg-info/SOURCES.txt'
[1.269s] writing manifest file '../../build/clearBG/clearBG.egg-info/SOURCES.txt'
[1.269s] running build
[1.269s] running build_py
[1.272s] running install
[1.273s] /usr/lib/python3/dist-packages/setuptools/command/install.py:34: SetuptoolsDeprecationWarning: setup.py install is deprecated. Use build and pip and other standards-based tools.
[1.273s]   warnings.warn(
[1.274s] running install_lib
[1.275s] running install_data
[1.276s] running install_egg_info
[1.278s] removing '/home/parallels/ros2_ws/install/clearBG/lib/python3.10/site-packages/clearBG-0.0.0-py3.10.egg-info' (and everything under it)
[1.278s] Copying ../../build/clearBG/clearBG.egg-info to /home/parallels/ros2_ws/install/clearBG/lib/python3.10/site-packages/clearBG-0.0.0-py3.10.egg-info
[1.279s] running install_scripts
[1.303s] writing list of installed files to '/home/parallels/ros2_ws/build/clearBG/install.log'
[1.359s] Invoked command in '/home/parallels/ros2_ws/src/clearBG' returned '0': PYTHONPATH=/home/parallels/ros2_ws/build/clearBG/prefix_override:/home/parallels/ros2_ws/install/clearBG/lib/python3.10/site-packages:${PYTHONPATH} /usr/bin/python3 setup.py egg_info --egg-base ../../build/clearBG build --build-base /home/parallels/ros2_ws/build/clearBG/build install --record /home/parallels/ros2_ws/build/clearBG/install.log --single-version-externally-managed
