[1.208s] Invoking command in '/home/parallels/ros2_ws/src/hello': CONDA_PROMPT_MODIFIER=(base) PYTHONPATH=/home/parallels/ros2_ws/build/hello/prefix_override:/home/parallels/ros2_ws/install/hello/lib/python3.10/site-packages:${PYTHONPATH} /usr/bin/python3 setup.py egg_info --egg-base ../../build/hello build --build-base /home/parallels/ros2_ws/build/hello/build install --record /home/parallels/ros2_ws/build/hello/install.log --single-version-externally-managed
[1.531s] running egg_info
[1.532s] writing ../../build/hello/hello.egg-info/PKG-INFO
[1.533s] writing dependency_links to ../../build/hello/hello.egg-info/dependency_links.txt
[1.533s] writing entry points to ../../build/hello/hello.egg-info/entry_points.txt
[1.533s] writing requirements to ../../build/hello/hello.egg-info/requires.txt
[1.534s] writing top-level names to ../../build/hello/hello.egg-info/top_level.txt
[1.536s] reading manifest file '../../build/hello/hello.egg-info/SOURCES.txt'
[1.537s] writing manifest file '../../build/hello/hello.egg-info/SOURCES.txt'
[1.538s] running build
[1.539s] running build_py
[1.540s] running install
[1.540s] /usr/lib/python3/dist-packages/setuptools/command/install.py:34: SetuptoolsDeprecationWarning: setup.py install is deprecated. Use build and pip and other standards-based tools.
[1.540s]   warnings.warn(
[1.541s] running install_lib
[1.543s] running install_data
[1.544s] running install_egg_info
[1.546s] removing '/home/parallels/ros2_ws/install/hello/lib/python3.10/site-packages/hello-0.0.0-py3.10.egg-info' (and everything under it)
[1.549s] Copying ../../build/hello/hello.egg-info to /home/parallels/ros2_ws/install/hello/lib/python3.10/site-packages/hello-0.0.0-py3.10.egg-info
[1.554s] running install_scripts
[1.585s] Installing hello_node script to /home/parallels/ros2_ws/install/hello/lib/hello
[1.585s] writing list of installed files to '/home/parallels/ros2_ws/build/hello/install.log'
[1.615s] Invoked command in '/home/parallels/ros2_ws/src/hello' returned '0': CONDA_PROMPT_MODIFIER=(base) PYTHONPATH=/home/parallels/ros2_ws/build/hello/prefix_override:/home/parallels/ros2_ws/install/hello/lib/python3.10/site-packages:${PYTHONPATH} /usr/bin/python3 setup.py egg_info --egg-base ../../build/hello build --build-base /home/parallels/ros2_ws/build/hello/build install --record /home/parallels/ros2_ws/build/hello/install.log --single-version-externally-managed
