[1.255s] Invoking command in '/home/parallels/ros2_ws/src/happy_node3': CONDA_PROMPT_MODIFIER=(base) PYTHONPATH=/home/parallels/ros2_ws/build/happy_node3/prefix_override:/home/parallels/ros2_ws/install/happy_node3/lib/python3.10/site-packages:${PYTHONPATH} /usr/bin/python3 setup.py egg_info --egg-base ../../build/happy_node3 build --build-base /home/parallels/ros2_ws/build/happy_node3/build install --record /home/parallels/ros2_ws/build/happy_node3/install.log --single-version-externally-managed
[1.613s] running egg_info
[1.614s] writing ../../build/happy_node3/happy_node3.egg-info/PKG-INFO
[1.615s] writing dependency_links to ../../build/happy_node3/happy_node3.egg-info/dependency_links.txt
[1.615s] writing entry points to ../../build/happy_node3/happy_node3.egg-info/entry_points.txt
[1.615s] writing requirements to ../../build/happy_node3/happy_node3.egg-info/requires.txt
[1.616s] writing top-level names to ../../build/happy_node3/happy_node3.egg-info/top_level.txt
[1.617s] reading manifest file '../../build/happy_node3/happy_node3.egg-info/SOURCES.txt'
[1.618s] writing manifest file '../../build/happy_node3/happy_node3.egg-info/SOURCES.txt'
[1.619s] running build
[1.619s] running build_py
[1.619s] running install
[1.620s] /usr/lib/python3/dist-packages/setuptools/command/install.py:34: SetuptoolsDeprecationWarning: setup.py install is deprecated. Use build and pip and other standards-based tools.
[1.620s]   warnings.warn(
[1.620s] running install_lib
[1.621s] running install_data
[1.622s] running install_egg_info
[1.624s] removing '/home/parallels/ros2_ws/install/happy_node3/lib/python3.10/site-packages/happy_node3-0.0.0-py3.10.egg-info' (and everything under it)
[1.624s] Copying ../../build/happy_node3/happy_node3.egg-info to /home/parallels/ros2_ws/install/happy_node3/lib/python3.10/site-packages/happy_node3-0.0.0-py3.10.egg-info
[1.625s] running install_scripts
[1.649s] Installing happy_publisher_node script to /home/parallels/ros2_ws/install/happy_node3/lib/happy_node3
[1.650s] writing list of installed files to '/home/parallels/ros2_ws/build/happy_node3/install.log'
[1.684s] Invoked command in '/home/parallels/ros2_ws/src/happy_node3' returned '0': CONDA_PROMPT_MODIFIER=(base) PYTHONPATH=/home/parallels/ros2_ws/build/happy_node3/prefix_override:/home/parallels/ros2_ws/install/happy_node3/lib/python3.10/site-packages:${PYTHONPATH} /usr/bin/python3 setup.py egg_info --egg-base ../../build/happy_node3 build --build-base /home/parallels/ros2_ws/build/happy_node3/build install --record /home/parallels/ros2_ws/build/happy_node3/install.log --single-version-externally-managed
