[0.681s] Invoking command in '/home/parallels/ros2_ws/src/gazo': PYTHONPATH=/home/parallels/ros2_ws/build/gazo/prefix_override:/home/parallels/ros2_ws/install/gazo/lib/python3.10/site-packages:${PYTHONPATH} /usr/bin/python3 setup.py egg_info --egg-base ../../build/gazo build --build-base /home/parallels/ros2_ws/build/gazo/build install --record /home/parallels/ros2_ws/build/gazo/install.log --single-version-externally-managed
[0.919s] running egg_info
[0.919s] writing ../../build/gazo/gazo.egg-info/PKG-INFO
[0.920s] writing dependency_links to ../../build/gazo/gazo.egg-info/dependency_links.txt
[0.920s] writing entry points to ../../build/gazo/gazo.egg-info/entry_points.txt
[0.920s] writing requirements to ../../build/gazo/gazo.egg-info/requires.txt
[0.920s] writing top-level names to ../../build/gazo/gazo.egg-info/top_level.txt
[0.923s] reading manifest file '../../build/gazo/gazo.egg-info/SOURCES.txt'
[0.925s] writing manifest file '../../build/gazo/gazo.egg-info/SOURCES.txt'
[0.925s] running build
[0.925s] running build_py
[0.927s] running install
[0.928s] running install_lib
[0.928s] /usr/lib/python3/dist-packages/setuptools/command/install.py:34: SetuptoolsDeprecationWarning: setup.py install is deprecated. Use build and pip and other standards-based tools.
[0.928s]   warnings.warn(
[0.928s] running install_data
[0.929s] running install_egg_info
[0.930s] removing '/home/parallels/ros2_ws/install/gazo/lib/python3.10/site-packages/gazo-0.0.0-py3.10.egg-info' (and everything under it)
[0.930s] Copying ../../build/gazo/gazo.egg-info to /home/parallels/ros2_ws/install/gazo/lib/python3.10/site-packages/gazo-0.0.0-py3.10.egg-info
[0.932s] running install_scripts
[0.951s] Installing nonode2 script to /home/parallels/ros2_ws/install/gazo/lib/gazo
[0.952s] Installing nononode script to /home/parallels/ros2_ws/install/gazo/lib/gazo
[0.952s] writing list of installed files to '/home/parallels/ros2_ws/build/gazo/install.log'
[0.974s] Invoked command in '/home/parallels/ros2_ws/src/gazo' returned '0': PYTHONPATH=/home/parallels/ros2_ws/build/gazo/prefix_override:/home/parallels/ros2_ws/install/gazo/lib/python3.10/site-packages:${PYTHONPATH} /usr/bin/python3 setup.py egg_info --egg-base ../../build/gazo build --build-base /home/parallels/ros2_ws/build/gazo/build install --record /home/parallels/ros2_ws/build/gazo/install.log --single-version-externally-managed
