[1.279s] Invoking command in '/home/parallels/ros2_ws/src/happy_node4': CONDA_PROMPT_MODIFIER=(base) PYTHONPATH=/home/parallels/ros2_ws/build/happy_node4/prefix_override:/home/parallels/ros2_ws/install/happy_node4/lib/python3.10/site-packages:${PYTHONPATH} /usr/bin/python3 setup.py egg_info --egg-base ../../build/happy_node4 build --build-base /home/parallels/ros2_ws/build/happy_node4/build install --record /home/parallels/ros2_ws/build/happy_node4/install.log --single-version-externally-managed
[1.629s] running egg_info
[1.630s] writing ../../build/happy_node4/happy_node4.egg-info/PKG-INFO
[1.630s] writing dependency_links to ../../build/happy_node4/happy_node4.egg-info/dependency_links.txt
[1.631s] writing entry points to ../../build/happy_node4/happy_node4.egg-info/entry_points.txt
[1.631s] writing requirements to ../../build/happy_node4/happy_node4.egg-info/requires.txt
[1.631s] writing top-level names to ../../build/happy_node4/happy_node4.egg-info/top_level.txt
[1.634s] reading manifest file '../../build/happy_node4/happy_node4.egg-info/SOURCES.txt'
[1.635s] writing manifest file '../../build/happy_node4/happy_node4.egg-info/SOURCES.txt'
[1.635s] running build
[1.635s] running build_py
[1.636s] copying happy_node4/happy_subscriber.py -> /home/parallels/ros2_ws/build/happy_node4/build/lib/happy_node4
[1.637s] running install
[1.637s] /usr/lib/python3/dist-packages/setuptools/command/install.py:34: SetuptoolsDeprecationWarning: setup.py install is deprecated. Use build and pip and other standards-based tools.
[1.637s]   warnings.warn(
[1.639s] running install_lib
[1.639s] copying /home/parallels/ros2_ws/build/happy_node4/build/lib/happy_node4/happy_subscriber.py -> /home/parallels/ros2_ws/install/happy_node4/lib/python3.10/site-packages/happy_node4
[1.641s] byte-compiling /home/parallels/ros2_ws/install/happy_node4/lib/python3.10/site-packages/happy_node4/happy_subscriber.py to happy_subscriber.cpython-310.pyc
[1.641s] running install_data
[1.642s] running install_egg_info
[1.645s] removing '/home/parallels/ros2_ws/install/happy_node4/lib/python3.10/site-packages/happy_node4-0.0.0-py3.10.egg-info' (and everything under it)
[1.645s] Copying ../../build/happy_node4/happy_node4.egg-info to /home/parallels/ros2_ws/install/happy_node4/lib/python3.10/site-packages/happy_node4-0.0.0-py3.10.egg-info
[1.646s] running install_scripts
[1.686s] Installing happy_subscriber script to /home/parallels/ros2_ws/install/happy_node4/lib/happy_node4
[1.687s] writing list of installed files to '/home/parallels/ros2_ws/build/happy_node4/install.log'
[2.095s] Invoked command in '/home/parallels/ros2_ws/src/happy_node4' returned '0': CONDA_PROMPT_MODIFIER=(base) PYTHONPATH=/home/parallels/ros2_ws/build/happy_node4/prefix_override:/home/parallels/ros2_ws/install/happy_node4/lib/python3.10/site-packages:${PYTHONPATH} /usr/bin/python3 setup.py egg_info --egg-base ../../build/happy_node4 build --build-base /home/parallels/ros2_ws/build/happy_node4/build install --record /home/parallels/ros2_ws/build/happy_node4/install.log --single-version-externally-managed
