[0.766s] Invoking command in '/home/parallels/ros2_ws/src/hello': CONDA_PROMPT_MODIFIER=(base) PYTHONPATH=/home/parallels/ros2_ws/build/hello/prefix_override:/home/parallels/ros2_ws/install/hello/lib/python3.10/site-packages:${PYTHONPATH} /usr/bin/python3 setup.py egg_info --egg-base ../../build/hello build --build-base /home/parallels/ros2_ws/build/hello/build install --record /home/parallels/ros2_ws/build/hello/install.log --single-version-externally-managed
[1.065s] running egg_info
[1.066s] writing ../../build/hello/hello.egg-info/PKG-INFO
[1.066s] writing dependency_links to ../../build/hello/hello.egg-info/dependency_links.txt
[1.066s] writing entry points to ../../build/hello/hello.egg-info/entry_points.txt
[1.066s] writing requirements to ../../build/hello/hello.egg-info/requires.txt
[1.066s] writing top-level names to ../../build/hello/hello.egg-info/top_level.txt
[1.068s] reading manifest file '../../build/hello/hello.egg-info/SOURCES.txt'
[1.070s] writing manifest file '../../build/hello/hello.egg-info/SOURCES.txt'
[1.070s] running build
[1.070s] running build_py
[1.070s] copying hello/hello_node2.py -> /home/parallels/ros2_ws/build/hello/build/lib/hello
[1.070s] running install
[1.071s] /usr/lib/python3/dist-packages/setuptools/command/install.py:34: SetuptoolsDeprecationWarning: setup.py install is deprecated. Use build and pip and other standards-based tools.
[1.071s]   warnings.warn(
[1.071s] running install_lib
[1.072s] copying /home/parallels/ros2_ws/build/hello/build/lib/hello/hello_node2.py -> /home/parallels/ros2_ws/install/hello/lib/python3.10/site-packages/hello
[1.072s] byte-compiling /home/parallels/ros2_ws/install/hello/lib/python3.10/site-packages/hello/hello_node2.py to hello_node2.cpython-310.pyc
[1.073s] running install_data
[1.073s] running install_egg_info
[1.076s] removing '/home/parallels/ros2_ws/install/hello/lib/python3.10/site-packages/hello-0.0.0-py3.10.egg-info' (and everything under it)
[1.076s] Copying ../../build/hello/hello.egg-info to /home/parallels/ros2_ws/install/hello/lib/python3.10/site-packages/hello-0.0.0-py3.10.egg-info
[1.076s] running install_scripts
[1.097s] Installing hello_node script to /home/parallels/ros2_ws/install/hello/lib/hello
[1.097s] writing list of installed files to '/home/parallels/ros2_ws/build/hello/install.log'
[1.117s] Invoked command in '/home/parallels/ros2_ws/src/hello' returned '0': CONDA_PROMPT_MODIFIER=(base) PYTHONPATH=/home/parallels/ros2_ws/build/hello/prefix_override:/home/parallels/ros2_ws/install/hello/lib/python3.10/site-packages:${PYTHONPATH} /usr/bin/python3 setup.py egg_info --egg-base ../../build/hello build --build-base /home/parallels/ros2_ws/build/hello/build install --record /home/parallels/ros2_ws/build/hello/install.log --single-version-externally-managed
