[0.946s] Invoking command in '/home/parallels/ros2_ws/src/my_happy': CONDA_PROMPT_MODIFIER=(base) PYTHONPATH=/home/parallels/ros2_ws/build/my_happy/prefix_override:/home/parallels/ros2_ws/install/my_happy/lib/python3.10/site-packages:${PYTHONPATH} /usr/bin/python3 setup.py egg_info --egg-base ../../build/my_happy build --build-base /home/parallels/ros2_ws/build/my_happy/build install --record /home/parallels/ros2_ws/build/my_happy/install.log --single-version-externally-managed
[1.307s] running egg_info
[1.308s] writing ../../build/my_happy/my_happy.egg-info/PKG-INFO
[1.309s] writing dependency_links to ../../build/my_happy/my_happy.egg-info/dependency_links.txt
[1.309s] writing entry points to ../../build/my_happy/my_happy.egg-info/entry_points.txt
[1.309s] writing requirements to ../../build/my_happy/my_happy.egg-info/requires.txt
[1.309s] writing top-level names to ../../build/my_happy/my_happy.egg-info/top_level.txt
[1.311s] reading manifest file '../../build/my_happy/my_happy.egg-info/SOURCES.txt'
[1.312s] writing manifest file '../../build/my_happy/my_happy.egg-info/SOURCES.txt'
[1.312s] running build
[1.312s] running build_py
[1.313s] running install
[1.313s] /usr/lib/python3/dist-packages/setuptools/command/install.py:34: SetuptoolsDeprecationWarning: setup.py install is deprecated. Use build and pip and other standards-based tools.
[1.313s]   warnings.warn(
[1.313s] running install_lib
[1.314s] running install_data
[1.315s] running install_egg_info
[1.318s] removing '/home/parallels/ros2_ws/install/my_happy/lib/python3.10/site-packages/my_happy-0.0.0-py3.10.egg-info' (and everything under it)
[1.318s] Copying ../../build/my_happy/my_happy.egg-info to /home/parallels/ros2_ws/install/my_happy/lib/python3.10/site-packages/my_happy-0.0.0-py3.10.egg-info
[1.318s] running install_scripts
[1.339s] Installing my_happy_node script to /home/parallels/ros2_ws/install/my_happy/lib/my_happy
[1.345s] writing list of installed files to '/home/parallels/ros2_ws/build/my_happy/install.log'
[1.371s] Invoked command in '/home/parallels/ros2_ws/src/my_happy' returned '0': CONDA_PROMPT_MODIFIER=(base) PYTHONPATH=/home/parallels/ros2_ws/build/my_happy/prefix_override:/home/parallels/ros2_ws/install/my_happy/lib/python3.10/site-packages:${PYTHONPATH} /usr/bin/python3 setup.py egg_info --egg-base ../../build/my_happy build --build-base /home/parallels/ros2_ws/build/my_happy/build install --record /home/parallels/ros2_ws/build/my_happy/install.log --single-version-externally-managed
