[1.133s] Invoking command in '/home/parallels/ros2_ws/src/my_happy': CONDA_PROMPT_MODIFIER=(base) PYTHONPATH=/home/parallels/ros2_ws/build/my_happy/prefix_override:/home/parallels/ros2_ws/install/my_happy/lib/python3.10/site-packages:${PYTHONPATH} /usr/bin/python3 setup.py egg_info --egg-base ../../build/my_happy build --build-base /home/parallels/ros2_ws/build/my_happy/build install --record /home/parallels/ros2_ws/build/my_happy/install.log --single-version-externally-managed
[1.470s] running egg_info
[1.472s] writing ../../build/my_happy/my_happy.egg-info/PKG-INFO
[1.472s] writing dependency_links to ../../build/my_happy/my_happy.egg-info/dependency_links.txt
[1.472s] writing entry points to ../../build/my_happy/my_happy.egg-info/entry_points.txt
[1.473s] writing requirements to ../../build/my_happy/my_happy.egg-info/requires.txt
[1.473s] writing top-level names to ../../build/my_happy/my_happy.egg-info/top_level.txt
[1.476s] reading manifest file '../../build/my_happy/my_happy.egg-info/SOURCES.txt'
[1.479s] writing manifest file '../../build/my_happy/my_happy.egg-info/SOURCES.txt'
[1.479s] running build
[1.480s] running build_py
[1.481s] copying my_happy/my_happy_node.py -> /home/parallels/ros2_ws/build/my_happy/build/lib/my_happy
[1.481s] running install
[1.482s] /usr/lib/python3/dist-packages/setuptools/command/install.py:34: SetuptoolsDeprecationWarning: setup.py install is deprecated. Use build and pip and other standards-based tools.
[1.482s]   warnings.warn(
[1.482s] running install_lib
[1.484s] copying /home/parallels/ros2_ws/build/my_happy/build/lib/my_happy/my_happy_node.py -> /home/parallels/ros2_ws/install/my_happy/lib/python3.10/site-packages/my_happy
[1.484s] byte-compiling /home/parallels/ros2_ws/install/my_happy/lib/python3.10/site-packages/my_happy/my_happy_node.py to my_happy_node.cpython-310.pyc
[1.485s] running install_data
[1.486s] running install_egg_info
[1.489s] removing '/home/parallels/ros2_ws/install/my_happy/lib/python3.10/site-packages/my_happy-0.0.0-py3.10.egg-info' (and everything under it)
[1.489s] Copying ../../build/my_happy/my_happy.egg-info to /home/parallels/ros2_ws/install/my_happy/lib/python3.10/site-packages/my_happy-0.0.0-py3.10.egg-info
[1.490s] running install_scripts
[1.518s] Installing my_happy_node script to /home/parallels/ros2_ws/install/my_happy/lib/my_happy
[1.519s] writing list of installed files to '/home/parallels/ros2_ws/build/my_happy/install.log'
[1.547s] Invoked command in '/home/parallels/ros2_ws/src/my_happy' returned '0': CONDA_PROMPT_MODIFIER=(base) PYTHONPATH=/home/parallels/ros2_ws/build/my_happy/prefix_override:/home/parallels/ros2_ws/install/my_happy/lib/python3.10/site-packages:${PYTHONPATH} /usr/bin/python3 setup.py egg_info --egg-base ../../build/my_happy build --build-base /home/parallels/ros2_ws/build/my_happy/build install --record /home/parallels/ros2_ws/build/my_happy/install.log --single-version-externally-managed
