[1.189s] Invoking command in '/home/parallels/ros2_ws/src/hello': CONDA_PROMPT_MODIFIER=(base) PYTHONPATH=/home/parallels/ros2_ws/build/hello/prefix_override:/home/parallels/ros2_ws/install/hello/lib/python3.10/site-packages:${PYTHONPATH} /usr/bin/python3 setup.py egg_info --egg-base ../../build/hello build --build-base /home/parallels/ros2_ws/build/hello/build install --record /home/parallels/ros2_ws/build/hello/install.log --single-version-externally-managed
[1.592s] running egg_info
[1.592s] writing ../../build/hello/hello.egg-info/PKG-INFO
[1.593s] writing dependency_links to ../../build/hello/hello.egg-info/dependency_links.txt
[1.593s] writing entry points to ../../build/hello/hello.egg-info/entry_points.txt
[1.594s] writing requirements to ../../build/hello/hello.egg-info/requires.txt
[1.594s] writing top-level names to ../../build/hello/hello.egg-info/top_level.txt
[1.596s] reading manifest file '../../build/hello/hello.egg-info/SOURCES.txt'
[1.597s] writing manifest file '../../build/hello/hello.egg-info/SOURCES.txt'
[1.598s] running build
[1.598s] running build_py
[1.600s] running install
[1.600s] /usr/lib/python3/dist-packages/setuptools/command/install.py:34: SetuptoolsDeprecationWarning: setup.py install is deprecated. Use build and pip and other standards-based tools.
[1.600s]   warnings.warn(
[1.601s] running install_lib
[1.604s] running install_data
[1.605s] running install_egg_info
[1.608s] removing '/home/parallels/ros2_ws/install/hello/lib/python3.10/site-packages/hello-0.0.0-py3.10.egg-info' (and everything under it)
[1.612s] Copying ../../build/hello/hello.egg-info to /home/parallels/ros2_ws/install/hello/lib/python3.10/site-packages/hello-0.0.0-py3.10.egg-info
[1.622s] running install_scripts
[1.649s] Installing hello_node script to /home/parallels/ros2_ws/install/hello/lib/hello
[1.650s] writing list of installed files to '/home/parallels/ros2_ws/build/hello/install.log'
[1.696s] Invoked command in '/home/parallels/ros2_ws/src/hello' returned '0': CONDA_PROMPT_MODIFIER=(base) PYTHONPATH=/home/parallels/ros2_ws/build/hello/prefix_override:/home/parallels/ros2_ws/install/hello/lib/python3.10/site-packages:${PYTHONPATH} /usr/bin/python3 setup.py egg_info --egg-base ../../build/hello build --build-base /home/parallels/ros2_ws/build/hello/build install --record /home/parallels/ros2_ws/build/hello/install.log --single-version-externally-managed
