[0.930s] DEBUG:colcon:Command line arguments: ['/usr/bin/colcon', 'build']
[0.930s] DEBUG:colcon:Parsed command line arguments: Namespace(log_base=None, log_level=None, verb_name='build', build_base='build', install_base='install', merge_install=False, symlink_install=False, test_result_base=None, continue_on_error=False, executor='parallel', parallel_workers=2, event_handlers=None, ignore_user_meta=False, metas=['./colcon.meta'], base_paths=['.'], packages_ignore=None, packages_ignore_regex=None, paths=None, packages_up_to=None, packages_up_to_regex=None, packages_above=None, packages_above_and_dependencies=None, packages_above_depth=None, packages_select_by_dep=None, packages_skip_by_dep=None, packages_skip_up_to=None, packages_select_build_failed=False, packages_skip_build_finished=False, packages_select_test_failures=False, packages_skip_test_passed=False, packages_select=None, packages_skip=None, packages_select_regex=None, packages_skip_regex=None, packages_start=None, packages_end=None, allow_overriding=[], cmake_args=None, cmake_target=None, cmake_target_skip_unavailable=False, cmake_clean_cache=False, cmake_clean_first=False, cmake_force_configure=False, ament_cmake_args=None, catkin_cmake_args=None, catkin_skip_building_tests=False, verb_parser=<colcon_defaults.argument_parser.defaults.DefaultArgumentsDecorator object at 0x7f142e029390>, verb_extension=<colcon_core.verb.build.BuildVerb object at 0x7f142e04bdc0>, main=<bound method BuildVerb.main of <colcon_core.verb.build.BuildVerb object at 0x7f142e04bdc0>>)
[1.005s] Level 1:colcon.colcon_core.package_discovery:discover_packages(colcon_meta) check parameters
[1.005s] Level 1:colcon.colcon_core.package_discovery:discover_packages(recursive) check parameters
[1.005s] Level 1:colcon.colcon_core.package_discovery:discover_packages(ignore) check parameters
[1.005s] Level 1:colcon.colcon_core.package_discovery:discover_packages(path) check parameters
[1.005s] Level 1:colcon.colcon_core.package_discovery:discover_packages(colcon_meta) discover
[1.005s] Level 1:colcon.colcon_core.package_discovery:discover_packages(recursive) discover
[1.005s] INFO:colcon.colcon_core.package_discovery:Crawling recursively for packages in '/home/parallels/ros2_ws'
[1.005s] Level 1:colcon.colcon_core.package_identification:_identify(.) by extensions ['ignore', 'ignore_ament_install']
[1.005s] Level 1:colcon.colcon_core.package_identification:_identify(.) by extension 'ignore'
[1.005s] Level 1:colcon.colcon_core.package_identification:_identify(.) by extension 'ignore_ament_install'
[1.005s] Level 1:colcon.colcon_core.package_identification:_identify(.) by extensions ['colcon_pkg']
[1.005s] Level 1:colcon.colcon_core.package_identification:_identify(.) by extension 'colcon_pkg'
[1.005s] Level 1:colcon.colcon_core.package_identification:_identify(.) by extensions ['colcon_meta']
[1.005s] Level 1:colcon.colcon_core.package_identification:_identify(.) by extension 'colcon_meta'
[1.005s] Level 1:colcon.colcon_core.package_identification:_identify(.) by extensions ['ros']
[1.005s] Level 1:colcon.colcon_core.package_identification:_identify(.) by extension 'ros'
[1.017s] Level 1:colcon.colcon_core.package_identification:_identify(.) by extensions ['cmake', 'python']
[1.017s] Level 1:colcon.colcon_core.package_identification:_identify(.) by extension 'cmake'
[1.017s] Level 1:colcon.colcon_core.package_identification:_identify(.) by extension 'python'
[1.017s] Level 1:colcon.colcon_core.package_identification:_identify(.) by extensions ['python_setup_py']
[1.017s] Level 1:colcon.colcon_core.package_identification:_identify(.) by extension 'python_setup_py'
[1.017s] Level 1:colcon.colcon_core.package_identification:_identify(build) by extensions ['ignore', 'ignore_ament_install']
[1.017s] Level 1:colcon.colcon_core.package_identification:_identify(build) by extension 'ignore'
[1.017s] Level 1:colcon.colcon_core.package_identification:_identify(build) ignored
[1.017s] Level 1:colcon.colcon_core.package_identification:_identify(install) by extensions ['ignore', 'ignore_ament_install']
[1.017s] Level 1:colcon.colcon_core.package_identification:_identify(install) by extension 'ignore'
[1.017s] Level 1:colcon.colcon_core.package_identification:_identify(install) ignored
[1.017s] Level 1:colcon.colcon_core.package_identification:_identify(log) by extensions ['ignore', 'ignore_ament_install']
[1.017s] Level 1:colcon.colcon_core.package_identification:_identify(log) by extension 'ignore'
[1.018s] Level 1:colcon.colcon_core.package_identification:_identify(log) ignored
[1.018s] Level 1:colcon.colcon_core.package_identification:_identify(src) by extensions ['ignore', 'ignore_ament_install']
[1.018s] Level 1:colcon.colcon_core.package_identification:_identify(src) by extension 'ignore'
[1.018s] Level 1:colcon.colcon_core.package_identification:_identify(src) by extension 'ignore_ament_install'
[1.018s] Level 1:colcon.colcon_core.package_identification:_identify(src) by extensions ['colcon_pkg']
[1.018s] Level 1:colcon.colcon_core.package_identification:_identify(src) by extension 'colcon_pkg'
[1.018s] Level 1:colcon.colcon_core.package_identification:_identify(src) by extensions ['colcon_meta']
[1.018s] Level 1:colcon.colcon_core.package_identification:_identify(src) by extension 'colcon_meta'
[1.018s] Level 1:colcon.colcon_core.package_identification:_identify(src) by extensions ['ros']
[1.018s] Level 1:colcon.colcon_core.package_identification:_identify(src) by extension 'ros'
[1.018s] Level 1:colcon.colcon_core.package_identification:_identify(src) by extensions ['cmake', 'python']
[1.018s] Level 1:colcon.colcon_core.package_identification:_identify(src) by extension 'cmake'
[1.018s] Level 1:colcon.colcon_core.package_identification:_identify(src) by extension 'python'
[1.018s] Level 1:colcon.colcon_core.package_identification:_identify(src) by extensions ['python_setup_py']
[1.018s] Level 1:colcon.colcon_core.package_identification:_identify(src) by extension 'python_setup_py'
[1.018s] Level 1:colcon.colcon_core.package_identification:_identify(src/hello) by extensions ['ignore', 'ignore_ament_install']
[1.018s] Level 1:colcon.colcon_core.package_identification:_identify(src/hello) by extension 'ignore'
[1.018s] Level 1:colcon.colcon_core.package_identification:_identify(src/hello) by extension 'ignore_ament_install'
[1.019s] Level 1:colcon.colcon_core.package_identification:_identify(src/hello) by extensions ['colcon_pkg']
[1.019s] Level 1:colcon.colcon_core.package_identification:_identify(src/hello) by extension 'colcon_pkg'
[1.019s] Level 1:colcon.colcon_core.package_identification:_identify(src/hello) by extensions ['colcon_meta']
[1.019s] Level 1:colcon.colcon_core.package_identification:_identify(src/hello) by extension 'colcon_meta'
[1.019s] Level 1:colcon.colcon_core.package_identification:_identify(src/hello) by extensions ['ros']
[1.019s] Level 1:colcon.colcon_core.package_identification:_identify(src/hello) by extension 'ros'
[1.022s] DEBUG:colcon.colcon_core.package_identification:Package 'src/hello' with type 'ros.ament_python' and name 'hello'
[1.022s] Level 1:colcon.colcon_core.package_identification:_identify(src/py_publisher) by extensions ['ignore', 'ignore_ament_install']
[1.023s] Level 1:colcon.colcon_core.package_identification:_identify(src/py_publisher) by extension 'ignore'
[1.023s] Level 1:colcon.colcon_core.package_identification:_identify(src/py_publisher) by extension 'ignore_ament_install'
[1.023s] Level 1:colcon.colcon_core.package_identification:_identify(src/py_publisher) by extensions ['colcon_pkg']
[1.023s] Level 1:colcon.colcon_core.package_identification:_identify(src/py_publisher) by extension 'colcon_pkg'
[1.023s] Level 1:colcon.colcon_core.package_identification:_identify(src/py_publisher) by extensions ['colcon_meta']
[1.023s] Level 1:colcon.colcon_core.package_identification:_identify(src/py_publisher) by extension 'colcon_meta'
[1.023s] Level 1:colcon.colcon_core.package_identification:_identify(src/py_publisher) by extensions ['ros']
[1.023s] Level 1:colcon.colcon_core.package_identification:_identify(src/py_publisher) by extension 'ros'
[1.024s] DEBUG:colcon.colcon_core.package_identification:Package 'src/py_publisher' with type 'ros.ament_python' and name 'py_publisher'
[1.025s] Level 1:colcon.colcon_core.package_identification:_identify(src/py_subscriber) by extensions ['ignore', 'ignore_ament_install']
[1.025s] Level 1:colcon.colcon_core.package_identification:_identify(src/py_subscriber) by extension 'ignore'
[1.025s] Level 1:colcon.colcon_core.package_identification:_identify(src/py_subscriber) by extension 'ignore_ament_install'
[1.025s] Level 1:colcon.colcon_core.package_identification:_identify(src/py_subscriber) by extensions ['colcon_pkg']
[1.025s] Level 1:colcon.colcon_core.package_identification:_identify(src/py_subscriber) by extension 'colcon_pkg'
[1.025s] Level 1:colcon.colcon_core.package_identification:_identify(src/py_subscriber) by extensions ['colcon_meta']
[1.025s] Level 1:colcon.colcon_core.package_identification:_identify(src/py_subscriber) by extension 'colcon_meta'
[1.025s] Level 1:colcon.colcon_core.package_identification:_identify(src/py_subscriber) by extensions ['ros']
[1.025s] Level 1:colcon.colcon_core.package_identification:_identify(src/py_subscriber) by extension 'ros'
[1.026s] DEBUG:colcon.colcon_core.package_identification:Package 'src/py_subscriber' with type 'ros.ament_python' and name 'py_subscriber'
[1.026s] Level 1:colcon.colcon_core.package_discovery:discover_packages(recursive) using defaults
[1.026s] Level 1:colcon.colcon_core.package_discovery:discover_packages(ignore) discover
[1.026s] Level 1:colcon.colcon_core.package_discovery:discover_packages(ignore) using defaults
[1.026s] Level 1:colcon.colcon_core.package_discovery:discover_packages(path) discover
[1.026s] Level 1:colcon.colcon_core.package_discovery:discover_packages(path) using defaults
[1.077s] Level 1:colcon.colcon_core.package_discovery:discover_packages(prefix_path) check parameters
[1.077s] Level 1:colcon.colcon_core.package_discovery:discover_packages(prefix_path) discover
[1.105s] DEBUG:colcon.colcon_installed_package_information.package_discovery:Found 19 installed packages in /home/parallels/turtlebot3_ws/install
[1.110s] DEBUG:colcon.colcon_installed_package_information.package_discovery:Found 2 installed packages in /home/parallels/ros2_ws/install
[1.112s] DEBUG:colcon.colcon_installed_package_information.package_discovery:Found 362 installed packages in /opt/ros/humble
[1.115s] Level 1:colcon.colcon_core.package_discovery:discover_packages(prefix_path) using defaults
[1.374s] Level 5:colcon.colcon_core.verb:set package 'hello' build argument 'cmake_args' from command line to 'None'
[1.375s] Level 5:colcon.colcon_core.verb:set package 'hello' build argument 'cmake_target' from command line to 'None'
[1.375s] Level 5:colcon.colcon_core.verb:set package 'hello' build argument 'cmake_target_skip_unavailable' from command line to 'False'
[1.375s] Level 5:colcon.colcon_core.verb:set package 'hello' build argument 'cmake_clean_cache' from command line to 'False'
[1.375s] Level 5:colcon.colcon_core.verb:set package 'hello' build argument 'cmake_clean_first' from command line to 'False'
[1.375s] Level 5:colcon.colcon_core.verb:set package 'hello' build argument 'cmake_force_configure' from command line to 'False'
[1.375s] Level 5:colcon.colcon_core.verb:set package 'hello' build argument 'ament_cmake_args' from command line to 'None'
[1.375s] Level 5:colcon.colcon_core.verb:set package 'hello' build argument 'catkin_cmake_args' from command line to 'None'
[1.375s] Level 5:colcon.colcon_core.verb:set package 'hello' build argument 'catkin_skip_building_tests' from command line to 'False'
[1.375s] DEBUG:colcon.colcon_core.verb:Building package 'hello' with the following arguments: {'ament_cmake_args': None, 'build_base': '/home/parallels/ros2_ws/build/hello', 'catkin_cmake_args': None, 'catkin_skip_building_tests': False, 'cmake_args': None, 'cmake_clean_cache': False, 'cmake_clean_first': False, 'cmake_force_configure': False, 'cmake_target': None, 'cmake_target_skip_unavailable': False, 'install_base': '/home/parallels/ros2_ws/install/hello', 'merge_install': False, 'path': '/home/parallels/ros2_ws/src/hello', 'symlink_install': False, 'test_result_base': None}
[1.376s] Level 5:colcon.colcon_core.verb:set package 'py_publisher' build argument 'cmake_args' from command line to 'None'
[1.376s] Level 5:colcon.colcon_core.verb:set package 'py_publisher' build argument 'cmake_target' from command line to 'None'
[1.376s] Level 5:colcon.colcon_core.verb:set package 'py_publisher' build argument 'cmake_target_skip_unavailable' from command line to 'False'
[1.376s] Level 5:colcon.colcon_core.verb:set package 'py_publisher' build argument 'cmake_clean_cache' from command line to 'False'
[1.376s] Level 5:colcon.colcon_core.verb:set package 'py_publisher' build argument 'cmake_clean_first' from command line to 'False'
[1.376s] Level 5:colcon.colcon_core.verb:set package 'py_publisher' build argument 'cmake_force_configure' from command line to 'False'
[1.376s] Level 5:colcon.colcon_core.verb:set package 'py_publisher' build argument 'ament_cmake_args' from command line to 'None'
[1.376s] Level 5:colcon.colcon_core.verb:set package 'py_publisher' build argument 'catkin_cmake_args' from command line to 'None'
[1.376s] Level 5:colcon.colcon_core.verb:set package 'py_publisher' build argument 'catkin_skip_building_tests' from command line to 'False'
[1.376s] DEBUG:colcon.colcon_core.verb:Building package 'py_publisher' with the following arguments: {'ament_cmake_args': None, 'build_base': '/home/parallels/ros2_ws/build/py_publisher', 'catkin_cmake_args': None, 'catkin_skip_building_tests': False, 'cmake_args': None, 'cmake_clean_cache': False, 'cmake_clean_first': False, 'cmake_force_configure': False, 'cmake_target': None, 'cmake_target_skip_unavailable': False, 'install_base': '/home/parallels/ros2_ws/install/py_publisher', 'merge_install': False, 'path': '/home/parallels/ros2_ws/src/py_publisher', 'symlink_install': False, 'test_result_base': None}
[1.377s] Level 5:colcon.colcon_core.verb:set package 'py_subscriber' build argument 'cmake_args' from command line to 'None'
[1.378s] Level 5:colcon.colcon_core.verb:set package 'py_subscriber' build argument 'cmake_target' from command line to 'None'
[1.378s] Level 5:colcon.colcon_core.verb:set package 'py_subscriber' build argument 'cmake_target_skip_unavailable' from command line to 'False'
[1.378s] Level 5:colcon.colcon_core.verb:set package 'py_subscriber' build argument 'cmake_clean_cache' from command line to 'False'
[1.378s] Level 5:colcon.colcon_core.verb:set package 'py_subscriber' build argument 'cmake_clean_first' from command line to 'False'
[1.378s] Level 5:colcon.colcon_core.verb:set package 'py_subscriber' build argument 'cmake_force_configure' from command line to 'False'
[1.378s] Level 5:colcon.colcon_core.verb:set package 'py_subscriber' build argument 'ament_cmake_args' from command line to 'None'
[1.378s] Level 5:colcon.colcon_core.verb:set package 'py_subscriber' build argument 'catkin_cmake_args' from command line to 'None'
[1.378s] Level 5:colcon.colcon_core.verb:set package 'py_subscriber' build argument 'catkin_skip_building_tests' from command line to 'False'
[1.378s] DEBUG:colcon.colcon_core.verb:Building package 'py_subscriber' with the following arguments: {'ament_cmake_args': None, 'build_base': '/home/parallels/ros2_ws/build/py_subscriber', 'catkin_cmake_args': None, 'catkin_skip_building_tests': False, 'cmake_args': None, 'cmake_clean_cache': False, 'cmake_clean_first': False, 'cmake_force_configure': False, 'cmake_target': None, 'cmake_target_skip_unavailable': False, 'install_base': '/home/parallels/ros2_ws/install/py_subscriber', 'merge_install': False, 'path': '/home/parallels/ros2_ws/src/py_subscriber', 'symlink_install': False, 'test_result_base': None}
[1.378s] INFO:colcon.colcon_core.executor:Executing jobs using 'parallel' executor
[1.384s] DEBUG:colcon.colcon_parallel_executor.executor.parallel:run_until_complete
[1.385s] INFO:colcon.colcon_ros.task.ament_python.build:Building ROS package in '/home/parallels/ros2_ws/src/hello' with build type 'ament_python'
[1.385s] Level 1:colcon.colcon_core.shell:create_environment_hook('hello', 'ament_prefix_path')
[1.399s] INFO:colcon.colcon_core.plugin_system:Skipping extension 'colcon_core.shell.bat': Not used on non-Windows systems
[1.400s] INFO:colcon.colcon_core.shell:Creating environment hook '/home/parallels/ros2_ws/install/hello/share/hello/hook/ament_prefix_path.ps1'
[1.401s] INFO:colcon.colcon_core.shell:Creating environment descriptor '/home/parallels/ros2_ws/install/hello/share/hello/hook/ament_prefix_path.dsv'
[1.402s] INFO:colcon.colcon_core.shell:Creating environment hook '/home/parallels/ros2_ws/install/hello/share/hello/hook/ament_prefix_path.sh'
[1.407s] INFO:colcon.colcon_core.shell:Skip shell extension 'powershell' for command environment: Not usable outside of PowerShell
[1.407s] DEBUG:colcon.colcon_core.shell:Skip shell extension 'dsv' for command environment
[1.415s] INFO:colcon.colcon_ros.task.ament_python.build:Building ROS package in '/home/parallels/ros2_ws/src/py_publisher' with build type 'ament_python'
[1.415s] Level 1:colcon.colcon_core.shell:create_environment_hook('py_publisher', 'ament_prefix_path')
[1.417s] INFO:colcon.colcon_core.shell:Creating environment hook '/home/parallels/ros2_ws/install/py_publisher/share/py_publisher/hook/ament_prefix_path.ps1'
[1.418s] INFO:colcon.colcon_core.shell:Creating environment descriptor '/home/parallels/ros2_ws/install/py_publisher/share/py_publisher/hook/ament_prefix_path.dsv'
[1.419s] INFO:colcon.colcon_core.shell:Creating environment hook '/home/parallels/ros2_ws/install/py_publisher/share/py_publisher/hook/ament_prefix_path.sh'
[1.420s] INFO:colcon.colcon_core.shell:Skip shell extension 'powershell' for command environment: Not usable outside of PowerShell
[1.420s] DEBUG:colcon.colcon_core.shell:Skip shell extension 'dsv' for command environment
[1.799s] INFO:colcon.colcon_core.task.python.build:Building Python package in '/home/parallels/ros2_ws/src/hello'
[1.801s] INFO:colcon.colcon_core.shell:Skip shell extension 'powershell' for command environment: Not usable outside of PowerShell
[1.801s] DEBUG:colcon.colcon_core.shell:Skip shell extension 'dsv' for command environment
[2.127s] INFO:colcon.colcon_core.task.python.build:Building Python package in '/home/parallels/ros2_ws/src/py_publisher'
[2.129s] INFO:colcon.colcon_core.shell:Skip shell extension 'powershell' for command environment: Not usable outside of PowerShell
[2.129s] DEBUG:colcon.colcon_core.shell:Skip shell extension 'dsv' for command environment
[2.651s] DEBUG:colcon.colcon_core.event_handler.log_command:Invoking command in '/home/parallels/ros2_ws/build/py_publisher': CONDA_PROMPT_MODIFIER=(base) PYTHONPATH=/home/parallels/ros2_ws/build/py_publisher/prefix_override:/home/parallels/ros2_ws/install/py_publisher/lib/python3.10/site-packages:${PYTHONPATH} /usr/bin/python3 setup.py develop --uninstall --editable --build-directory /home/parallels/ros2_ws/build/py_publisher/build
[2.668s] DEBUG:colcon.colcon_core.event_handler.log_command:Invoking command in '/home/parallels/ros2_ws/src/hello': CONDA_PROMPT_MODIFIER=(base) PYTHONPATH=/home/parallels/ros2_ws/build/hello/prefix_override:/home/parallels/ros2_ws/install/hello/lib/python3.10/site-packages:${PYTHONPATH} /usr/bin/python3 setup.py egg_info --egg-base ../../build/hello build --build-base /home/parallels/ros2_ws/build/hello/build install --record /home/parallels/ros2_ws/build/hello/install.log --single-version-externally-managed
[3.082s] DEBUG:colcon.colcon_core.event_handler.log_command:Invoked command in '/home/parallels/ros2_ws/src/hello' returned '0': CONDA_PROMPT_MODIFIER=(base) PYTHONPATH=/home/parallels/ros2_ws/build/hello/prefix_override:/home/parallels/ros2_ws/install/hello/lib/python3.10/site-packages:${PYTHONPATH} /usr/bin/python3 setup.py egg_info --egg-base ../../build/hello build --build-base /home/parallels/ros2_ws/build/hello/build install --record /home/parallels/ros2_ws/build/hello/install.log --single-version-externally-managed
[3.098s] Level 1:colcon.colcon_core.environment:checking '/home/parallels/ros2_ws/install/hello' for CMake module files
[3.099s] Level 1:colcon.colcon_core.environment:checking '/home/parallels/ros2_ws/install/hello' for CMake config files
[3.100s] Level 1:colcon.colcon_core.environment:checking '/home/parallels/ros2_ws/install/hello/lib'
[3.100s] Level 1:colcon.colcon_core.environment:checking '/home/parallels/ros2_ws/install/hello/bin'
[3.100s] Level 1:colcon.colcon_core.environment:checking '/home/parallels/ros2_ws/install/hello/lib/pkgconfig/hello.pc'
[3.100s] Level 1:colcon.colcon_core.environment:checking '/home/parallels/ros2_ws/install/hello/lib/python3.10/site-packages'
[3.100s] Level 1:colcon.colcon_core.shell:create_environment_hook('hello', 'pythonpath')
[3.102s] INFO:colcon.colcon_core.shell:Creating environment hook '/home/parallels/ros2_ws/install/hello/share/hello/hook/pythonpath.ps1'
[3.102s] INFO:colcon.colcon_core.shell:Creating environment descriptor '/home/parallels/ros2_ws/install/hello/share/hello/hook/pythonpath.dsv'
[3.103s] INFO:colcon.colcon_core.shell:Creating environment hook '/home/parallels/ros2_ws/install/hello/share/hello/hook/pythonpath.sh'
[3.103s] Level 1:colcon.colcon_core.environment:checking '/home/parallels/ros2_ws/install/hello/bin'
[3.103s] Level 1:colcon.colcon_core.environment:create_environment_scripts_only(hello)
[3.105s] INFO:colcon.colcon_core.shell:Creating package script '/home/parallels/ros2_ws/install/hello/share/hello/package.ps1'
[3.108s] INFO:colcon.colcon_core.shell:Creating package descriptor '/home/parallels/ros2_ws/install/hello/share/hello/package.dsv'
[3.109s] INFO:colcon.colcon_core.shell:Creating package script '/home/parallels/ros2_ws/install/hello/share/hello/package.sh'
[3.110s] INFO:colcon.colcon_core.shell:Creating package script '/home/parallels/ros2_ws/install/hello/share/hello/package.bash'
[3.112s] INFO:colcon.colcon_core.shell:Creating package script '/home/parallels/ros2_ws/install/hello/share/hello/package.zsh'
[3.113s] Level 1:colcon.colcon_core.environment:create_file_with_runtime_dependencies(/home/parallels/ros2_ws/install/hello/share/colcon-core/packages/hello)
[3.114s] INFO:colcon.colcon_ros.task.ament_python.build:Building ROS package in '/home/parallels/ros2_ws/src/py_subscriber' with build type 'ament_python'
[3.114s] Level 1:colcon.colcon_core.shell:create_environment_hook('py_subscriber', 'ament_prefix_path')
[3.116s] INFO:colcon.colcon_core.shell:Creating environment hook '/home/parallels/ros2_ws/install/py_subscriber/share/py_subscriber/hook/ament_prefix_path.ps1'
[3.117s] INFO:colcon.colcon_core.shell:Creating environment descriptor '/home/parallels/ros2_ws/install/py_subscriber/share/py_subscriber/hook/ament_prefix_path.dsv'
[3.118s] INFO:colcon.colcon_core.shell:Creating environment hook '/home/parallels/ros2_ws/install/py_subscriber/share/py_subscriber/hook/ament_prefix_path.sh'
[3.119s] INFO:colcon.colcon_core.shell:Skip shell extension 'powershell' for command environment: Not usable outside of PowerShell
[3.120s] DEBUG:colcon.colcon_core.shell:Skip shell extension 'dsv' for command environment
[3.513s] INFO:colcon.colcon_core.task.python.build:Building Python package in '/home/parallels/ros2_ws/src/py_subscriber'
[3.515s] INFO:colcon.colcon_core.shell:Skip shell extension 'powershell' for command environment: Not usable outside of PowerShell
[3.515s] DEBUG:colcon.colcon_core.shell:Skip shell extension 'dsv' for command environment
[3.526s] DEBUG:colcon.colcon_core.event_handler.log_command:Invoked command in '/home/parallels/ros2_ws/build/py_publisher' returned '0': CONDA_PROMPT_MODIFIER=(base) PYTHONPATH=/home/parallels/ros2_ws/build/py_publisher/prefix_override:/home/parallels/ros2_ws/install/py_publisher/lib/python3.10/site-packages:${PYTHONPATH} /usr/bin/python3 setup.py develop --uninstall --editable --build-directory /home/parallels/ros2_ws/build/py_publisher/build
[3.526s] DEBUG:colcon.colcon_core.event_handler.log_command:Invoking command in '/home/parallels/ros2_ws/src/py_publisher': CONDA_PROMPT_MODIFIER=(base) PYTHONPATH=/home/parallels/ros2_ws/build/py_publisher/prefix_override:/home/parallels/ros2_ws/install/py_publisher/lib/python3.10/site-packages:${PYTHONPATH} /usr/bin/python3 setup.py egg_info --egg-base ../../build/py_publisher build --build-base /home/parallels/ros2_ws/build/py_publisher/build install --record /home/parallels/ros2_ws/build/py_publisher/install.log --single-version-externally-managed
[3.910s] Level 1:colcon.colcon_core.environment:checking '/home/parallels/ros2_ws/install/py_publisher' for CMake module files
[3.910s] DEBUG:colcon.colcon_core.event_handler.log_command:Invoked command in '/home/parallels/ros2_ws/src/py_publisher' returned '0': CONDA_PROMPT_MODIFIER=(base) PYTHONPATH=/home/parallels/ros2_ws/build/py_publisher/prefix_override:/home/parallels/ros2_ws/install/py_publisher/lib/python3.10/site-packages:${PYTHONPATH} /usr/bin/python3 setup.py egg_info --egg-base ../../build/py_publisher build --build-base /home/parallels/ros2_ws/build/py_publisher/build install --record /home/parallels/ros2_ws/build/py_publisher/install.log --single-version-externally-managed
[3.911s] Level 1:colcon.colcon_core.environment:checking '/home/parallels/ros2_ws/install/py_publisher' for CMake config files
[3.912s] Level 1:colcon.colcon_core.environment:checking '/home/parallels/ros2_ws/install/py_publisher/lib'
[3.912s] Level 1:colcon.colcon_core.environment:checking '/home/parallels/ros2_ws/install/py_publisher/bin'
[3.912s] Level 1:colcon.colcon_core.environment:checking '/home/parallels/ros2_ws/install/py_publisher/lib/pkgconfig/py_publisher.pc'
[3.912s] Level 1:colcon.colcon_core.environment:checking '/home/parallels/ros2_ws/install/py_publisher/lib/python3.10/site-packages'
[3.912s] Level 1:colcon.colcon_core.shell:create_environment_hook('py_publisher', 'pythonpath')
[3.914s] INFO:colcon.colcon_core.shell:Creating environment hook '/home/parallels/ros2_ws/install/py_publisher/share/py_publisher/hook/pythonpath.ps1'
[3.915s] INFO:colcon.colcon_core.shell:Creating environment descriptor '/home/parallels/ros2_ws/install/py_publisher/share/py_publisher/hook/pythonpath.dsv'
[3.915s] INFO:colcon.colcon_core.shell:Creating environment hook '/home/parallels/ros2_ws/install/py_publisher/share/py_publisher/hook/pythonpath.sh'
[3.916s] Level 1:colcon.colcon_core.environment:checking '/home/parallels/ros2_ws/install/py_publisher/bin'
[3.916s] Level 1:colcon.colcon_core.environment:create_environment_scripts_only(py_publisher)
[3.918s] INFO:colcon.colcon_core.shell:Creating package script '/home/parallels/ros2_ws/install/py_publisher/share/py_publisher/package.ps1'
[3.918s] INFO:colcon.colcon_core.shell:Creating package descriptor '/home/parallels/ros2_ws/install/py_publisher/share/py_publisher/package.dsv'
[3.919s] INFO:colcon.colcon_core.shell:Creating package script '/home/parallels/ros2_ws/install/py_publisher/share/py_publisher/package.sh'
[3.919s] INFO:colcon.colcon_core.shell:Creating package script '/home/parallels/ros2_ws/install/py_publisher/share/py_publisher/package.bash'
[3.919s] INFO:colcon.colcon_core.shell:Creating package script '/home/parallels/ros2_ws/install/py_publisher/share/py_publisher/package.zsh'
[3.920s] Level 1:colcon.colcon_core.environment:create_file_with_runtime_dependencies(/home/parallels/ros2_ws/install/py_publisher/share/colcon-core/packages/py_publisher)
[3.963s] DEBUG:colcon.colcon_core.event_handler.log_command:Invoking command in '/home/parallels/ros2_ws/build/py_subscriber': CONDA_PROMPT_MODIFIER=(base) PYTHONPATH=/home/parallels/ros2_ws/build/py_subscriber/prefix_override:/home/parallels/ros2_ws/install/py_subscriber/lib/python3.10/site-packages:${PYTHONPATH} /usr/bin/python3 setup.py develop --uninstall --editable --build-directory /home/parallels/ros2_ws/build/py_subscriber/build
[4.528s] DEBUG:colcon.colcon_core.event_handler.log_command:Invoked command in '/home/parallels/ros2_ws/build/py_subscriber' returned '0': CONDA_PROMPT_MODIFIER=(base) PYTHONPATH=/home/parallels/ros2_ws/build/py_subscriber/prefix_override:/home/parallels/ros2_ws/install/py_subscriber/lib/python3.10/site-packages:${PYTHONPATH} /usr/bin/python3 setup.py develop --uninstall --editable --build-directory /home/parallels/ros2_ws/build/py_subscriber/build
[4.529s] DEBUG:colcon.colcon_core.event_handler.log_command:Invoking command in '/home/parallels/ros2_ws/src/py_subscriber': CONDA_PROMPT_MODIFIER=(base) PYTHONPATH=/home/parallels/ros2_ws/build/py_subscriber/prefix_override:/home/parallels/ros2_ws/install/py_subscriber/lib/python3.10/site-packages:${PYTHONPATH} /usr/bin/python3 setup.py egg_info --egg-base ../../build/py_subscriber build --build-base /home/parallels/ros2_ws/build/py_subscriber/build install --record /home/parallels/ros2_ws/build/py_subscriber/install.log --single-version-externally-managed
[4.894s] Level 1:colcon.colcon_core.environment:checking '/home/parallels/ros2_ws/install/py_subscriber' for CMake module files
[4.895s] DEBUG:colcon.colcon_core.event_handler.log_command:Invoked command in '/home/parallels/ros2_ws/src/py_subscriber' returned '0': CONDA_PROMPT_MODIFIER=(base) PYTHONPATH=/home/parallels/ros2_ws/build/py_subscriber/prefix_override:/home/parallels/ros2_ws/install/py_subscriber/lib/python3.10/site-packages:${PYTHONPATH} /usr/bin/python3 setup.py egg_info --egg-base ../../build/py_subscriber build --build-base /home/parallels/ros2_ws/build/py_subscriber/build install --record /home/parallels/ros2_ws/build/py_subscriber/install.log --single-version-externally-managed
[4.895s] Level 1:colcon.colcon_core.environment:checking '/home/parallels/ros2_ws/install/py_subscriber' for CMake config files
[4.896s] Level 1:colcon.colcon_core.environment:checking '/home/parallels/ros2_ws/install/py_subscriber/lib'
[4.896s] Level 1:colcon.colcon_core.environment:checking '/home/parallels/ros2_ws/install/py_subscriber/bin'
[4.896s] Level 1:colcon.colcon_core.environment:checking '/home/parallels/ros2_ws/install/py_subscriber/lib/pkgconfig/py_subscriber.pc'
[4.897s] Level 1:colcon.colcon_core.environment:checking '/home/parallels/ros2_ws/install/py_subscriber/lib/python3.10/site-packages'
[4.897s] Level 1:colcon.colcon_core.shell:create_environment_hook('py_subscriber', 'pythonpath')
[4.899s] INFO:colcon.colcon_core.shell:Creating environment hook '/home/parallels/ros2_ws/install/py_subscriber/share/py_subscriber/hook/pythonpath.ps1'
[4.899s] INFO:colcon.colcon_core.shell:Creating environment descriptor '/home/parallels/ros2_ws/install/py_subscriber/share/py_subscriber/hook/pythonpath.dsv'
[4.899s] INFO:colcon.colcon_core.shell:Creating environment hook '/home/parallels/ros2_ws/install/py_subscriber/share/py_subscriber/hook/pythonpath.sh'
[4.900s] Level 1:colcon.colcon_core.environment:checking '/home/parallels/ros2_ws/install/py_subscriber/bin'
[4.900s] Level 1:colcon.colcon_core.environment:create_environment_scripts_only(py_subscriber)
[4.902s] INFO:colcon.colcon_core.shell:Creating package script '/home/parallels/ros2_ws/install/py_subscriber/share/py_subscriber/package.ps1'
[4.902s] INFO:colcon.colcon_core.shell:Creating package descriptor '/home/parallels/ros2_ws/install/py_subscriber/share/py_subscriber/package.dsv'
[4.903s] INFO:colcon.colcon_core.shell:Creating package script '/home/parallels/ros2_ws/install/py_subscriber/share/py_subscriber/package.sh'
[4.903s] INFO:colcon.colcon_core.shell:Creating package script '/home/parallels/ros2_ws/install/py_subscriber/share/py_subscriber/package.bash'
[4.904s] INFO:colcon.colcon_core.shell:Creating package script '/home/parallels/ros2_ws/install/py_subscriber/share/py_subscriber/package.zsh'
[4.904s] Level 1:colcon.colcon_core.environment:create_file_with_runtime_dependencies(/home/parallels/ros2_ws/install/py_subscriber/share/colcon-core/packages/py_subscriber)
[4.904s] DEBUG:colcon.colcon_parallel_executor.executor.parallel:closing loop
[4.905s] DEBUG:colcon.colcon_parallel_executor.executor.parallel:loop closed
[4.905s] DEBUG:colcon.colcon_parallel_executor.executor.parallel:run_until_complete finished with '0'
[4.905s] DEBUG:colcon.colcon_core.event_reactor:joining thread
[4.918s] INFO:colcon.colcon_core.plugin_system:Skipping extension 'colcon_notification.desktop_notification.terminal_notifier': Not used on non-Darwin systems
[4.918s] INFO:colcon.colcon_core.plugin_system:Skipping extension 'colcon_notification.desktop_notification.win32': Not used on non-Windows systems
[4.918s] INFO:colcon.colcon_notification.desktop_notification:Sending desktop notification using 'notify2'
[4.983s] DEBUG:colcon.colcon_core.event_reactor:joined thread
[4.987s] INFO:colcon.colcon_core.shell:Creating prefix script '/home/parallels/ros2_ws/install/local_setup.ps1'
[4.989s] INFO:colcon.colcon_core.shell:Creating prefix util module '/home/parallels/ros2_ws/install/_local_setup_util_ps1.py'
[4.994s] INFO:colcon.colcon_core.shell:Creating prefix chain script '/home/parallels/ros2_ws/install/setup.ps1'
[5.000s] INFO:colcon.colcon_core.shell:Creating prefix script '/home/parallels/ros2_ws/install/local_setup.sh'
[5.002s] INFO:colcon.colcon_core.shell:Creating prefix util module '/home/parallels/ros2_ws/install/_local_setup_util_sh.py'
[5.003s] INFO:colcon.colcon_core.shell:Creating prefix chain script '/home/parallels/ros2_ws/install/setup.sh'
[5.008s] INFO:colcon.colcon_core.shell:Creating prefix script '/home/parallels/ros2_ws/install/local_setup.bash'
[5.009s] INFO:colcon.colcon_core.shell:Creating prefix chain script '/home/parallels/ros2_ws/install/setup.bash'
[5.014s] INFO:colcon.colcon_core.shell:Creating prefix script '/home/parallels/ros2_ws/install/local_setup.zsh'
[5.016s] INFO:colcon.colcon_core.shell:Creating prefix chain script '/home/parallels/ros2_ws/install/setup.zsh'
