[0.986s] Invoking command in '/home/parallels/ros2_ws/build/py_publisher': PYTHONPATH=/home/parallels/ros2_ws/build/py_publisher/prefix_override:/home/parallels/ros2_ws/install/py_publisher/lib/python3.10/site-packages:${PYTHONPATH} /usr/bin/python3 setup.py develop --editable --build-directory /home/parallels/ros2_ws/build/py_publisher/build --no-deps install_data
[1.298s] running develop
[1.299s] /usr/lib/python3/dist-packages/setuptools/command/easy_install.py:158: EasyInstallDeprecationWarning: easy_install command is deprecated. Use build and pip and other standards-based tools.
[1.299s]   warnings.warn(
[1.300s] /usr/lib/python3/dist-packages/setuptools/command/install.py:34: SetuptoolsDeprecationWarning: setup.py install is deprecated. Use build and pip and other standards-based tools.
[1.300s]   warnings.warn(
[1.370s] /usr/lib/python3/dist-packages/pkg_resources/__init__.py:116: PkgResourcesDeprecationWarning: 1.16.0-unknown is an invalid version and will not be supported in a future release
[1.370s]   warnings.warn(
[1.371s] /usr/lib/python3/dist-packages/pkg_resources/__init__.py:116: PkgResourcesDeprecationWarning: 0.1.43ubuntu1 is an invalid version and will not be supported in a future release
[1.371s]   warnings.warn(
[1.371s] /usr/lib/python3/dist-packages/pkg_resources/__init__.py:116: PkgResourcesDeprecationWarning: 1.1build1 is an invalid version and will not be supported in a future release
[1.371s]   warnings.warn(
[1.501s] running egg_info
[1.501s] writing py_publisher.egg-info/PKG-INFO
[1.501s] writing dependency_links to py_publisher.egg-info/dependency_links.txt
[1.501s] writing entry points to py_publisher.egg-info/entry_points.txt
[1.501s] writing requirements to py_publisher.egg-info/requires.txt
[1.502s] writing top-level names to py_publisher.egg-info/top_level.txt
[1.503s] reading manifest file 'py_publisher.egg-info/SOURCES.txt'
[1.504s] writing manifest file 'py_publisher.egg-info/SOURCES.txt'
[1.506s] running build_ext
[1.506s] Creating /home/parallels/ros2_ws/install/py_publisher/lib/python3.10/site-packages/py-publisher.egg-link (link to .)
[1.507s] 
[1.507s] Installed /home/parallels/ros2_ws/build/py_publisher
[1.507s] running install_data
[1.539s] Invoked command in '/home/parallels/ros2_ws/build/py_publisher' returned '0': PYTHONPATH=/home/parallels/ros2_ws/build/py_publisher/prefix_override:/home/parallels/ros2_ws/install/py_publisher/lib/python3.10/site-packages:${PYTHONPATH} /usr/bin/python3 setup.py develop --editable --build-directory /home/parallels/ros2_ws/build/py_publisher/build --no-deps install_data
