[1.127s] Invoking command in '/home/parallels/ros2_ws/src/my_happy': CONDA_PROMPT_MODIFIER=(base) PYTHONPATH=/home/parallels/ros2_ws/build/my_happy/prefix_override:/home/parallels/ros2_ws/install/my_happy/lib/python3.10/site-packages:${PYTHONPATH} /usr/bin/python3 setup.py egg_info --egg-base ../../build/my_happy build --build-base /home/parallels/ros2_ws/build/my_happy/build install --record /home/parallels/ros2_ws/build/my_happy/install.log --single-version-externally-managed
[1.454s] running egg_info
[1.455s] writing ../../build/my_happy/my_happy.egg-info/PKG-INFO
[1.455s] writing dependency_links to ../../build/my_happy/my_happy.egg-info/dependency_links.txt
[1.456s] writing entry points to ../../build/my_happy/my_happy.egg-info/entry_points.txt
[1.456s] writing requirements to ../../build/my_happy/my_happy.egg-info/requires.txt
[1.456s] writing top-level names to ../../build/my_happy/my_happy.egg-info/top_level.txt
[1.458s] reading manifest file '../../build/my_happy/my_happy.egg-info/SOURCES.txt'
[1.459s] writing manifest file '../../build/my_happy/my_happy.egg-info/SOURCES.txt'
[1.459s] running build
[1.459s] running build_py
[1.459s] copying my_happy/my_happy_node.py -> /home/parallels/ros2_ws/build/my_happy/build/lib/my_happy
[1.459s] running install
[1.460s] /usr/lib/python3/dist-packages/setuptools/command/install.py:34: SetuptoolsDeprecationWarning: setup.py install is deprecated. Use build and pip and other standards-based tools.
[1.460s]   warnings.warn(
[1.460s] running install_lib
[1.461s] copying /home/parallels/ros2_ws/build/my_happy/build/lib/my_happy/my_happy_node.py -> /home/parallels/ros2_ws/install/my_happy/lib/python3.10/site-packages/my_happy
[1.461s] byte-compiling /home/parallels/ros2_ws/install/my_happy/lib/python3.10/site-packages/my_happy/my_happy_node.py to my_happy_node.cpython-310.pyc
[1.462s] running install_data
[1.462s] running install_egg_info
[1.464s] removing '/home/parallels/ros2_ws/install/my_happy/lib/python3.10/site-packages/my_happy-0.0.0-py3.10.egg-info' (and everything under it)
[1.464s] Copying ../../build/my_happy/my_happy.egg-info to /home/parallels/ros2_ws/install/my_happy/lib/python3.10/site-packages/my_happy-0.0.0-py3.10.egg-info
[1.465s] running install_scripts
[1.487s] Installing my_happy_node script to /home/parallels/ros2_ws/install/my_happy/lib/my_happy
[1.488s] writing list of installed files to '/home/parallels/ros2_ws/build/my_happy/install.log'
[1.519s] Invoked command in '/home/parallels/ros2_ws/src/my_happy' returned '0': CONDA_PROMPT_MODIFIER=(base) PYTHONPATH=/home/parallels/ros2_ws/build/my_happy/prefix_override:/home/parallels/ros2_ws/install/my_happy/lib/python3.10/site-packages:${PYTHONPATH} /usr/bin/python3 setup.py egg_info --egg-base ../../build/my_happy build --build-base /home/parallels/ros2_ws/build/my_happy/build install --record /home/parallels/ros2_ws/build/my_happy/install.log --single-version-externally-managed
