[1.177s] Invoking command in '/home/parallels/ros2_ws/src/hello': CONDA_PROMPT_MODIFIER=(base) PYTHONPATH=/home/parallels/ros2_ws/build/hello/prefix_override:/home/parallels/ros2_ws/install/hello/lib/python3.10/site-packages:${PYTHONPATH} /usr/bin/python3 setup.py egg_info --egg-base ../../build/hello build --build-base /home/parallels/ros2_ws/build/hello/build install --record /home/parallels/ros2_ws/build/hello/install.log --single-version-externally-managed
[1.516s] running egg_info
[1.520s] writing ../../build/hello/hello.egg-info/PKG-INFO
[1.521s] writing dependency_links to ../../build/hello/hello.egg-info/dependency_links.txt
[1.521s] writing entry points to ../../build/hello/hello.egg-info/entry_points.txt
[1.522s] writing requirements to ../../build/hello/hello.egg-info/requires.txt
[1.522s] writing top-level names to ../../build/hello/hello.egg-info/top_level.txt
[1.525s] reading manifest file '../../build/hello/hello.egg-info/SOURCES.txt'
[1.526s] writing manifest file '../../build/hello/hello.egg-info/SOURCES.txt'
[1.526s] running build
[1.527s] running build_py
[1.528s] running install
[1.528s] /usr/lib/python3/dist-packages/setuptools/command/install.py:34: SetuptoolsDeprecationWarning: setup.py install is deprecated. Use build and pip and other standards-based tools.
[1.528s]   warnings.warn(
[1.529s] running install_lib
[1.531s] running install_data
[1.532s] running install_egg_info
[1.534s] removing '/home/parallels/ros2_ws/install/hello/lib/python3.10/site-packages/hello-0.0.0-py3.10.egg-info' (and everything under it)
[1.545s] Copying ../../build/hello/hello.egg-info to /home/parallels/ros2_ws/install/hello/lib/python3.10/site-packages/hello-0.0.0-py3.10.egg-info
[1.545s] running install_scripts
[1.569s] Installing hello_node script to /home/parallels/ros2_ws/install/hello/lib/hello
[1.569s] writing list of installed files to '/home/parallels/ros2_ws/build/hello/install.log'
[1.946s] Invoked command in '/home/parallels/ros2_ws/src/hello' returned '0': CONDA_PROMPT_MODIFIER=(base) PYTHONPATH=/home/parallels/ros2_ws/build/hello/prefix_override:/home/parallels/ros2_ws/install/hello/lib/python3.10/site-packages:${PYTHONPATH} /usr/bin/python3 setup.py egg_info --egg-base ../../build/hello build --build-base /home/parallels/ros2_ws/build/hello/build install --record /home/parallels/ros2_ws/build/hello/install.log --single-version-externally-managed
