[1.107s] Invoking command in '/home/parallels/ros2_ws/src/clearBG': PYTHONPATH=/home/parallels/ros2_ws/build/clearBG/prefix_override:/home/parallels/ros2_ws/install/clearBG/lib/python3.10/site-packages:${PYTHONPATH} /usr/bin/python3 setup.py egg_info --egg-base ../../build/clearBG build --build-base /home/parallels/ros2_ws/build/clearBG/build install --record /home/parallels/ros2_ws/build/clearBG/install.log --single-version-externally-managed
[1.371s] running egg_info
[1.372s] writing ../../build/clearBG/clearBG.egg-info/PKG-INFO
[1.372s] writing dependency_links to ../../build/clearBG/clearBG.egg-info/dependency_links.txt
[1.373s] writing entry points to ../../build/clearBG/clearBG.egg-info/entry_points.txt
[1.373s] writing requirements to ../../build/clearBG/clearBG.egg-info/requires.txt
[1.373s] writing top-level names to ../../build/clearBG/clearBG.egg-info/top_level.txt
[1.375s] reading manifest file '../../build/clearBG/clearBG.egg-info/SOURCES.txt'
[1.376s] writing manifest file '../../build/clearBG/clearBG.egg-info/SOURCES.txt'
[1.377s] running build
[1.377s] running build_py
[1.377s] copying clearBG/main.py -> /home/parallels/ros2_ws/build/clearBG/build/lib/clearBG
[1.377s] copying clearBG/__init__.py -> /home/parallels/ros2_ws/build/clearBG/build/lib/clearBG
[1.378s] running install
[1.378s] /usr/lib/python3/dist-packages/setuptools/command/install.py:34: SetuptoolsDeprecationWarning: setup.py install is deprecated. Use build and pip and other standards-based tools.
[1.378s]   warnings.warn(
[1.379s] running install_lib
[1.381s] copying /home/parallels/ros2_ws/build/clearBG/build/lib/clearBG/main.py -> /home/parallels/ros2_ws/install/clearBG/lib/python3.10/site-packages/clearBG
[1.381s] copying /home/parallels/ros2_ws/build/clearBG/build/lib/clearBG/__init__.py -> /home/parallels/ros2_ws/install/clearBG/lib/python3.10/site-packages/clearBG
[1.382s] byte-compiling /home/parallels/ros2_ws/install/clearBG/lib/python3.10/site-packages/clearBG/main.py to main.cpython-310.pyc
[1.382s] byte-compiling /home/parallels/ros2_ws/install/clearBG/lib/python3.10/site-packages/clearBG/__init__.py to __init__.cpython-310.pyc
[1.383s] running install_data
[1.384s] copying resource/clearBG -> /home/parallels/ros2_ws/install/clearBG/share/ament_index/resource_index/packages
[1.384s] copying package.xml -> /home/parallels/ros2_ws/install/clearBG/share/clearBG
[1.385s] running install_egg_info
[1.387s] removing '/home/parallels/ros2_ws/install/clearBG/lib/python3.10/site-packages/clearBG-0.0.0-py3.10.egg-info' (and everything under it)
[1.388s] Copying ../../build/clearBG/clearBG.egg-info to /home/parallels/ros2_ws/install/clearBG/lib/python3.10/site-packages/clearBG-0.0.0-py3.10.egg-info
[1.388s] running install_scripts
[1.410s] Installing main script to /home/parallels/ros2_ws/install/clearBG/lib/clearBG
[1.410s] writing list of installed files to '/home/parallels/ros2_ws/build/clearBG/install.log'
[1.467s] Invoked command in '/home/parallels/ros2_ws/src/clearBG' returned '0': PYTHONPATH=/home/parallels/ros2_ws/build/clearBG/prefix_override:/home/parallels/ros2_ws/install/clearBG/lib/python3.10/site-packages:${PYTHONPATH} /usr/bin/python3 setup.py egg_info --egg-base ../../build/clearBG build --build-base /home/parallels/ros2_ws/build/clearBG/build install --record /home/parallels/ros2_ws/build/clearBG/install.log --single-version-externally-managed
