[1.383s] Invoking command in '/home/parallels/ros2_ws/src/my_happy': CONDA_PROMPT_MODIFIER=(base) PYTHONPATH=/home/parallels/ros2_ws/build/my_happy/prefix_override:/home/parallels/ros2_ws/install/my_happy/lib/python3.10/site-packages:${PYTHONPATH} /usr/bin/python3 setup.py egg_info --egg-base ../../build/my_happy build --build-base /home/parallels/ros2_ws/build/my_happy/build install --record /home/parallels/ros2_ws/build/my_happy/install.log --single-version-externally-managed
[1.749s] running egg_info
[1.750s] creating ../../build/my_happy/my_happy.egg-info
[1.750s] writing ../../build/my_happy/my_happy.egg-info/PKG-INFO
[1.751s] writing dependency_links to ../../build/my_happy/my_happy.egg-info/dependency_links.txt
[1.751s] writing entry points to ../../build/my_happy/my_happy.egg-info/entry_points.txt
[1.751s] writing requirements to ../../build/my_happy/my_happy.egg-info/requires.txt
[1.751s] writing top-level names to ../../build/my_happy/my_happy.egg-info/top_level.txt
[1.752s] writing manifest file '../../build/my_happy/my_happy.egg-info/SOURCES.txt'
[1.754s] reading manifest file '../../build/my_happy/my_happy.egg-info/SOURCES.txt'
[1.755s] writing manifest file '../../build/my_happy/my_happy.egg-info/SOURCES.txt'
[1.755s] running build
[1.755s] running build_py
[1.755s] creating /home/parallels/ros2_ws/build/my_happy/build
[1.756s] creating /home/parallels/ros2_ws/build/my_happy/build/lib
[1.756s] creating /home/parallels/ros2_ws/build/my_happy/build/lib/my_happy
[1.756s] copying my_happy/__init__.py -> /home/parallels/ros2_ws/build/my_happy/build/lib/my_happy
[1.756s] copying my_happy/my_happy_node.py -> /home/parallels/ros2_ws/build/my_happy/build/lib/my_happy
[1.757s] running install
[1.757s] /usr/lib/python3/dist-packages/setuptools/command/install.py:34: SetuptoolsDeprecationWarning: setup.py install is deprecated. Use build and pip and other standards-based tools.
[1.757s]   warnings.warn(
[1.758s] running install_lib
[1.759s] creating /home/parallels/ros2_ws/install/my_happy/lib/python3.10/site-packages/my_happy
[1.760s] copying /home/parallels/ros2_ws/build/my_happy/build/lib/my_happy/__init__.py -> /home/parallels/ros2_ws/install/my_happy/lib/python3.10/site-packages/my_happy
[1.760s] copying /home/parallels/ros2_ws/build/my_happy/build/lib/my_happy/my_happy_node.py -> /home/parallels/ros2_ws/install/my_happy/lib/python3.10/site-packages/my_happy
[1.761s] byte-compiling /home/parallels/ros2_ws/install/my_happy/lib/python3.10/site-packages/my_happy/__init__.py to __init__.cpython-310.pyc
[1.762s] byte-compiling /home/parallels/ros2_ws/install/my_happy/lib/python3.10/site-packages/my_happy/my_happy_node.py to my_happy_node.cpython-310.pyc
[1.763s] running install_data
[1.764s] creating /home/parallels/ros2_ws/install/my_happy/share/ament_index
[1.764s] creating /home/parallels/ros2_ws/install/my_happy/share/ament_index/resource_index
[1.764s] creating /home/parallels/ros2_ws/install/my_happy/share/ament_index/resource_index/packages
[1.765s] copying resource/my_happy -> /home/parallels/ros2_ws/install/my_happy/share/ament_index/resource_index/packages
[1.765s] copying package.xml -> /home/parallels/ros2_ws/install/my_happy/share/my_happy
[1.765s] running install_egg_info
[1.767s] Copying ../../build/my_happy/my_happy.egg-info to /home/parallels/ros2_ws/install/my_happy/lib/python3.10/site-packages/my_happy-0.0.0-py3.10.egg-info
[1.768s] running install_scripts
[1.809s] Installing my_happy_node script to /home/parallels/ros2_ws/install/my_happy/lib/my_happy
[1.813s] writing list of installed files to '/home/parallels/ros2_ws/build/my_happy/install.log'
[1.849s] Invoked command in '/home/parallels/ros2_ws/src/my_happy' returned '0': CONDA_PROMPT_MODIFIER=(base) PYTHONPATH=/home/parallels/ros2_ws/build/my_happy/prefix_override:/home/parallels/ros2_ws/install/my_happy/lib/python3.10/site-packages:${PYTHONPATH} /usr/bin/python3 setup.py egg_info --egg-base ../../build/my_happy build --build-base /home/parallels/ros2_ws/build/my_happy/build install --record /home/parallels/ros2_ws/build/my_happy/install.log --single-version-externally-managed
