[0.993s] Invoking command in '/home/parallels/ros2_ws/src/clearBG': PYTHONPATH=/home/parallels/ros2_ws/build/clearBG/prefix_override:/home/parallels/ros2_ws/install/clearBG/lib/python3.10/site-packages:${PYTHONPATH} /usr/bin/python3 setup.py egg_info --egg-base ../../build/clearBG build --build-base /home/parallels/ros2_ws/build/clearBG/build install --record /home/parallels/ros2_ws/build/clearBG/install.log --single-version-externally-managed
[1.313s] running egg_info
[1.314s] creating ../../build/clearBG/clearBG.egg-info
[1.314s] writing ../../build/clearBG/clearBG.egg-info/PKG-INFO
[1.314s] writing dependency_links to ../../build/clearBG/clearBG.egg-info/dependency_links.txt
[1.315s] writing entry points to ../../build/clearBG/clearBG.egg-info/entry_points.txt
[1.315s] writing requirements to ../../build/clearBG/clearBG.egg-info/requires.txt
[1.315s] writing top-level names to ../../build/clearBG/clearBG.egg-info/top_level.txt
[1.315s] writing manifest file '../../build/clearBG/clearBG.egg-info/SOURCES.txt'
[1.317s] reading manifest file '../../build/clearBG/clearBG.egg-info/SOURCES.txt'
[1.318s] writing manifest file '../../build/clearBG/clearBG.egg-info/SOURCES.txt'
[1.318s] running build
[1.318s] running build_py
[1.318s] creating /home/parallels/ros2_ws/build/clearBG/build
[1.319s] creating /home/parallels/ros2_ws/build/clearBG/build/lib
[1.319s] creating /home/parallels/ros2_ws/build/clearBG/build/lib/clearBG
[1.319s] copying clearBG/__init__.py -> /home/parallels/ros2_ws/build/clearBG/build/lib/clearBG
[1.319s] running install
[1.319s] /usr/lib/python3/dist-packages/setuptools/command/install.py:34: SetuptoolsDeprecationWarning: setup.py install is deprecated. Use build and pip and other standards-based tools.
[1.319s]   warnings.warn(
[1.319s] running install_lib
[1.320s] creating /home/parallels/ros2_ws/install/clearBG/lib/python3.10/site-packages/clearBG
[1.320s] copying /home/parallels/ros2_ws/build/clearBG/build/lib/clearBG/__init__.py -> /home/parallels/ros2_ws/install/clearBG/lib/python3.10/site-packages/clearBG
[1.320s] byte-compiling /home/parallels/ros2_ws/install/clearBG/lib/python3.10/site-packages/clearBG/__init__.py to __init__.cpython-310.pyc
[1.320s] running install_data
[1.321s] creating /home/parallels/ros2_ws/install/clearBG/share/ament_index
[1.321s] creating /home/parallels/ros2_ws/install/clearBG/share/ament_index/resource_index
[1.321s] creating /home/parallels/ros2_ws/install/clearBG/share/ament_index/resource_index/packages
[1.321s] copying resource/clearBG -> /home/parallels/ros2_ws/install/clearBG/share/ament_index/resource_index/packages
[1.321s] copying package.xml -> /home/parallels/ros2_ws/install/clearBG/share/clearBG
[1.321s] running install_egg_info
[1.323s] Copying ../../build/clearBG/clearBG.egg-info to /home/parallels/ros2_ws/install/clearBG/lib/python3.10/site-packages/clearBG-0.0.0-py3.10.egg-info
[1.324s] running install_scripts
[1.345s] writing list of installed files to '/home/parallels/ros2_ws/build/clearBG/install.log'
[1.377s] Invoked command in '/home/parallels/ros2_ws/src/clearBG' returned '0': PYTHONPATH=/home/parallels/ros2_ws/build/clearBG/prefix_override:/home/parallels/ros2_ws/install/clearBG/lib/python3.10/site-packages:${PYTHONPATH} /usr/bin/python3 setup.py egg_info --egg-base ../../build/clearBG build --build-base /home/parallels/ros2_ws/build/clearBG/build install --record /home/parallels/ros2_ws/build/clearBG/install.log --single-version-externally-managed
