[0.961s] Invoking command in '/home/parallels/ros2_ws/src/gazo': PYTHONPATH=/home/parallels/ros2_ws/build/gazo/prefix_override:/home/parallels/ros2_ws/install/gazo/lib/python3.10/site-packages:${PYTHONPATH} /usr/bin/python3 setup.py egg_info --egg-base ../../build/gazo build --build-base /home/parallels/ros2_ws/build/gazo/build install --record /home/parallels/ros2_ws/build/gazo/install.log --single-version-externally-managed
[1.265s] running egg_info
[1.267s] writing ../../build/gazo/gazo.egg-info/PKG-INFO
[1.267s] writing dependency_links to ../../build/gazo/gazo.egg-info/dependency_links.txt
[1.268s] writing entry points to ../../build/gazo/gazo.egg-info/entry_points.txt
[1.268s] writing requirements to ../../build/gazo/gazo.egg-info/requires.txt
[1.268s] writing top-level names to ../../build/gazo/gazo.egg-info/top_level.txt
[1.271s] reading manifest file '../../build/gazo/gazo.egg-info/SOURCES.txt'
[1.276s] writing manifest file '../../build/gazo/gazo.egg-info/SOURCES.txt'
[1.276s] running build
[1.277s] running build_py
[1.277s] running install
[1.278s] /usr/lib/python3/dist-packages/setuptools/command/install.py:34: SetuptoolsDeprecationWarning: setup.py install is deprecated. Use build and pip and other standards-based tools.
[1.278s]   warnings.warn(
[1.278s] running install_lib
[1.280s] running install_data
[1.281s] running install_egg_info
[1.282s] removing '/home/parallels/ros2_ws/install/gazo/lib/python3.10/site-packages/gazo-0.0.0-py3.10.egg-info' (and everything under it)
[1.283s] Copying ../../build/gazo/gazo.egg-info to /home/parallels/ros2_ws/install/gazo/lib/python3.10/site-packages/gazo-0.0.0-py3.10.egg-info
[1.284s] running install_scripts
[1.311s] Installing nonode2 script to /home/parallels/ros2_ws/install/gazo/lib/gazo
[1.311s] Installing nononode script to /home/parallels/ros2_ws/install/gazo/lib/gazo
[1.311s] writing list of installed files to '/home/parallels/ros2_ws/build/gazo/install.log'
[1.336s] Invoked command in '/home/parallels/ros2_ws/src/gazo' returned '0': PYTHONPATH=/home/parallels/ros2_ws/build/gazo/prefix_override:/home/parallels/ros2_ws/install/gazo/lib/python3.10/site-packages:${PYTHONPATH} /usr/bin/python3 setup.py egg_info --egg-base ../../build/gazo build --build-base /home/parallels/ros2_ws/build/gazo/build install --record /home/parallels/ros2_ws/build/gazo/install.log --single-version-externally-managed
