[0.520s] DEBUG:colcon:Command line arguments: ['/usr/bin/colcon', 'build']
[0.520s] DEBUG:colcon:Parsed command line arguments: Namespace(log_base=None, log_level=None, verb_name='build', build_base='build', install_base='install', merge_install=False, symlink_install=False, test_result_base=None, continue_on_error=False, executor='parallel', parallel_workers=2, event_handlers=None, ignore_user_meta=False, metas=['./colcon.meta'], base_paths=['.'], packages_ignore=None, packages_ignore_regex=None, paths=None, packages_up_to=None, packages_up_to_regex=None, packages_above=None, packages_above_and_dependencies=None, packages_above_depth=None, packages_select_by_dep=None, packages_skip_by_dep=None, packages_skip_up_to=None, packages_select_build_failed=False, packages_skip_build_finished=False, packages_select_test_failures=False, packages_skip_test_passed=False, packages_select=None, packages_skip=None, packages_select_regex=None, packages_skip_regex=None, packages_start=None, packages_end=None, allow_overriding=[], cmake_args=None, cmake_target=None, cmake_target_skip_unavailable=False, cmake_clean_cache=False, cmake_clean_first=False, cmake_force_configure=False, ament_cmake_args=None, catkin_cmake_args=None, catkin_skip_building_tests=False, verb_parser=<colcon_defaults.argument_parser.defaults.DefaultArgumentsDecorator object at 0x7fa5d8958d90>, verb_extension=<colcon_core.verb.build.BuildVerb object at 0x7fa5d89804f0>, main=<bound method BuildVerb.main of <colcon_core.verb.build.BuildVerb object at 0x7fa5d89804f0>>)
[0.558s] Level 1:colcon.colcon_core.package_discovery:discover_packages(colcon_meta) check parameters
[0.558s] Level 1:colcon.colcon_core.package_discovery:discover_packages(recursive) check parameters
[0.558s] Level 1:colcon.colcon_core.package_discovery:discover_packages(ignore) check parameters
[0.558s] Level 1:colcon.colcon_core.package_discovery:discover_packages(path) check parameters
[0.558s] Level 1:colcon.colcon_core.package_discovery:discover_packages(colcon_meta) discover
[0.558s] Level 1:colcon.colcon_core.package_discovery:discover_packages(recursive) discover
[0.558s] INFO:colcon.colcon_core.package_discovery:Crawling recursively for packages in '/home/parallels/ros2_ws'
[0.558s] Level 1:colcon.colcon_core.package_identification:_identify(.) by extensions ['ignore', 'ignore_ament_install']
[0.559s] Level 1:colcon.colcon_core.package_identification:_identify(.) by extension 'ignore'
[0.559s] Level 1:colcon.colcon_core.package_identification:_identify(.) by extension 'ignore_ament_install'
[0.559s] Level 1:colcon.colcon_core.package_identification:_identify(.) by extensions ['colcon_pkg']
[0.559s] Level 1:colcon.colcon_core.package_identification:_identify(.) by extension 'colcon_pkg'
[0.559s] Level 1:colcon.colcon_core.package_identification:_identify(.) by extensions ['colcon_meta']
[0.559s] Level 1:colcon.colcon_core.package_identification:_identify(.) by extension 'colcon_meta'
[0.559s] Level 1:colcon.colcon_core.package_identification:_identify(.) by extensions ['ros']
[0.559s] Level 1:colcon.colcon_core.package_identification:_identify(.) by extension 'ros'
[0.573s] Level 1:colcon.colcon_core.package_identification:_identify(.) by extensions ['cmake', 'python']
[0.573s] Level 1:colcon.colcon_core.package_identification:_identify(.) by extension 'cmake'
[0.573s] Level 1:colcon.colcon_core.package_identification:_identify(.) by extension 'python'
[0.573s] Level 1:colcon.colcon_core.package_identification:_identify(.) by extensions ['python_setup_py']
[0.573s] Level 1:colcon.colcon_core.package_identification:_identify(.) by extension 'python_setup_py'
[0.573s] Level 1:colcon.colcon_core.package_identification:_identify(build) by extensions ['ignore', 'ignore_ament_install']
[0.573s] Level 1:colcon.colcon_core.package_identification:_identify(build) by extension 'ignore'
[0.573s] Level 1:colcon.colcon_core.package_identification:_identify(build) ignored
[0.573s] Level 1:colcon.colcon_core.package_identification:_identify(install) by extensions ['ignore', 'ignore_ament_install']
[0.574s] Level 1:colcon.colcon_core.package_identification:_identify(install) by extension 'ignore'
[0.574s] Level 1:colcon.colcon_core.package_identification:_identify(install) ignored
[0.574s] Level 1:colcon.colcon_core.package_identification:_identify(log) by extensions ['ignore', 'ignore_ament_install']
[0.574s] Level 1:colcon.colcon_core.package_identification:_identify(log) by extension 'ignore'
[0.574s] Level 1:colcon.colcon_core.package_identification:_identify(log) ignored
[0.574s] Level 1:colcon.colcon_core.package_identification:_identify(src) by extensions ['ignore', 'ignore_ament_install']
[0.574s] Level 1:colcon.colcon_core.package_identification:_identify(src) by extension 'ignore'
[0.574s] Level 1:colcon.colcon_core.package_identification:_identify(src) by extension 'ignore_ament_install'
[0.574s] Level 1:colcon.colcon_core.package_identification:_identify(src) by extensions ['colcon_pkg']
[0.574s] Level 1:colcon.colcon_core.package_identification:_identify(src) by extension 'colcon_pkg'
[0.574s] Level 1:colcon.colcon_core.package_identification:_identify(src) by extensions ['colcon_meta']
[0.574s] Level 1:colcon.colcon_core.package_identification:_identify(src) by extension 'colcon_meta'
[0.574s] Level 1:colcon.colcon_core.package_identification:_identify(src) by extensions ['ros']
[0.574s] Level 1:colcon.colcon_core.package_identification:_identify(src) by extension 'ros'
[0.575s] Level 1:colcon.colcon_core.package_identification:_identify(src) by extensions ['cmake', 'python']
[0.575s] Level 1:colcon.colcon_core.package_identification:_identify(src) by extension 'cmake'
[0.575s] Level 1:colcon.colcon_core.package_identification:_identify(src) by extension 'python'
[0.575s] Level 1:colcon.colcon_core.package_identification:_identify(src) by extensions ['python_setup_py']
[0.575s] Level 1:colcon.colcon_core.package_identification:_identify(src) by extension 'python_setup_py'
[0.575s] Level 1:colcon.colcon_core.package_identification:_identify(src/happy_node3) by extensions ['ignore', 'ignore_ament_install']
[0.575s] Level 1:colcon.colcon_core.package_identification:_identify(src/happy_node3) by extension 'ignore'
[0.575s] Level 1:colcon.colcon_core.package_identification:_identify(src/happy_node3) by extension 'ignore_ament_install'
[0.575s] Level 1:colcon.colcon_core.package_identification:_identify(src/happy_node3) by extensions ['colcon_pkg']
[0.575s] Level 1:colcon.colcon_core.package_identification:_identify(src/happy_node3) by extension 'colcon_pkg'
[0.575s] Level 1:colcon.colcon_core.package_identification:_identify(src/happy_node3) by extensions ['colcon_meta']
[0.575s] Level 1:colcon.colcon_core.package_identification:_identify(src/happy_node3) by extension 'colcon_meta'
[0.575s] Level 1:colcon.colcon_core.package_identification:_identify(src/happy_node3) by extensions ['ros']
[0.575s] Level 1:colcon.colcon_core.package_identification:_identify(src/happy_node3) by extension 'ros'
[0.579s] DEBUG:colcon.colcon_core.package_identification:Package 'src/happy_node3' with type 'ros.ament_python' and name 'happy_node3'
[0.579s] Level 1:colcon.colcon_core.package_identification:_identify(src/hello) by extensions ['ignore', 'ignore_ament_install']
[0.579s] Level 1:colcon.colcon_core.package_identification:_identify(src/hello) by extension 'ignore'
[0.579s] Level 1:colcon.colcon_core.package_identification:_identify(src/hello) by extension 'ignore_ament_install'
[0.579s] Level 1:colcon.colcon_core.package_identification:_identify(src/hello) by extensions ['colcon_pkg']
[0.579s] Level 1:colcon.colcon_core.package_identification:_identify(src/hello) by extension 'colcon_pkg'
[0.579s] Level 1:colcon.colcon_core.package_identification:_identify(src/hello) by extensions ['colcon_meta']
[0.579s] Level 1:colcon.colcon_core.package_identification:_identify(src/hello) by extension 'colcon_meta'
[0.579s] Level 1:colcon.colcon_core.package_identification:_identify(src/hello) by extensions ['ros']
[0.579s] Level 1:colcon.colcon_core.package_identification:_identify(src/hello) by extension 'ros'
[0.580s] DEBUG:colcon.colcon_core.package_identification:Package 'src/hello' with type 'ros.ament_python' and name 'hello'
[0.580s] Level 1:colcon.colcon_core.package_identification:_identify(src/my_happy) by extensions ['ignore', 'ignore_ament_install']
[0.580s] Level 1:colcon.colcon_core.package_identification:_identify(src/my_happy) by extension 'ignore'
[0.580s] Level 1:colcon.colcon_core.package_identification:_identify(src/my_happy) by extension 'ignore_ament_install'
[0.580s] Level 1:colcon.colcon_core.package_identification:_identify(src/my_happy) by extensions ['colcon_pkg']
[0.580s] Level 1:colcon.colcon_core.package_identification:_identify(src/my_happy) by extension 'colcon_pkg'
[0.580s] Level 1:colcon.colcon_core.package_identification:_identify(src/my_happy) by extensions ['colcon_meta']
[0.580s] Level 1:colcon.colcon_core.package_identification:_identify(src/my_happy) by extension 'colcon_meta'
[0.580s] Level 1:colcon.colcon_core.package_identification:_identify(src/my_happy) by extensions ['ros']
[0.580s] Level 1:colcon.colcon_core.package_identification:_identify(src/my_happy) by extension 'ros'
[0.581s] DEBUG:colcon.colcon_core.package_identification:Package 'src/my_happy' with type 'ros.ament_python' and name 'my_happy'
[0.581s] Level 1:colcon.colcon_core.package_discovery:discover_packages(recursive) using defaults
[0.581s] Level 1:colcon.colcon_core.package_discovery:discover_packages(ignore) discover
[0.581s] Level 1:colcon.colcon_core.package_discovery:discover_packages(ignore) using defaults
[0.581s] Level 1:colcon.colcon_core.package_discovery:discover_packages(path) discover
[0.581s] Level 1:colcon.colcon_core.package_discovery:discover_packages(path) using defaults
[0.614s] Level 1:colcon.colcon_core.package_discovery:discover_packages(prefix_path) check parameters
[0.614s] Level 1:colcon.colcon_core.package_discovery:discover_packages(prefix_path) discover
[0.620s] DEBUG:colcon.colcon_installed_package_information.package_discovery:Found 5 installed packages in /home/parallels/ros2_ws/install
[0.622s] DEBUG:colcon.colcon_installed_package_information.package_discovery:Found 19 installed packages in /home/parallels/turtlebot3_ws/install
[0.625s] DEBUG:colcon.colcon_installed_package_information.package_discovery:Found 362 installed packages in /opt/ros/humble
[0.627s] Level 1:colcon.colcon_core.package_discovery:discover_packages(prefix_path) using defaults
[0.730s] Level 5:colcon.colcon_core.verb:set package 'happy_node3' build argument 'cmake_args' from command line to 'None'
[0.730s] Level 5:colcon.colcon_core.verb:set package 'happy_node3' build argument 'cmake_target' from command line to 'None'
[0.730s] Level 5:colcon.colcon_core.verb:set package 'happy_node3' build argument 'cmake_target_skip_unavailable' from command line to 'False'
[0.730s] Level 5:colcon.colcon_core.verb:set package 'happy_node3' build argument 'cmake_clean_cache' from command line to 'False'
[0.730s] Level 5:colcon.colcon_core.verb:set package 'happy_node3' build argument 'cmake_clean_first' from command line to 'False'
[0.730s] Level 5:colcon.colcon_core.verb:set package 'happy_node3' build argument 'cmake_force_configure' from command line to 'False'
[0.730s] Level 5:colcon.colcon_core.verb:set package 'happy_node3' build argument 'ament_cmake_args' from command line to 'None'
[0.730s] Level 5:colcon.colcon_core.verb:set package 'happy_node3' build argument 'catkin_cmake_args' from command line to 'None'
[0.730s] Level 5:colcon.colcon_core.verb:set package 'happy_node3' build argument 'catkin_skip_building_tests' from command line to 'False'
[0.731s] DEBUG:colcon.colcon_core.verb:Building package 'happy_node3' with the following arguments: {'ament_cmake_args': None, 'build_base': '/home/parallels/ros2_ws/build/happy_node3', 'catkin_cmake_args': None, 'catkin_skip_building_tests': False, 'cmake_args': None, 'cmake_clean_cache': False, 'cmake_clean_first': False, 'cmake_force_configure': False, 'cmake_target': None, 'cmake_target_skip_unavailable': False, 'install_base': '/home/parallels/ros2_ws/install/happy_node3', 'merge_install': False, 'path': '/home/parallels/ros2_ws/src/happy_node3', 'symlink_install': False, 'test_result_base': None}
[0.732s] Level 5:colcon.colcon_core.verb:set package 'hello' build argument 'cmake_args' from command line to 'None'
[0.732s] Level 5:colcon.colcon_core.verb:set package 'hello' build argument 'cmake_target' from command line to 'None'
[0.732s] Level 5:colcon.colcon_core.verb:set package 'hello' build argument 'cmake_target_skip_unavailable' from command line to 'False'
[0.732s] Level 5:colcon.colcon_core.verb:set package 'hello' build argument 'cmake_clean_cache' from command line to 'False'
[0.732s] Level 5:colcon.colcon_core.verb:set package 'hello' build argument 'cmake_clean_first' from command line to 'False'
[0.732s] Level 5:colcon.colcon_core.verb:set package 'hello' build argument 'cmake_force_configure' from command line to 'False'
[0.732s] Level 5:colcon.colcon_core.verb:set package 'hello' build argument 'ament_cmake_args' from command line to 'None'
[0.732s] Level 5:colcon.colcon_core.verb:set package 'hello' build argument 'catkin_cmake_args' from command line to 'None'
[0.732s] Level 5:colcon.colcon_core.verb:set package 'hello' build argument 'catkin_skip_building_tests' from command line to 'False'
[0.732s] DEBUG:colcon.colcon_core.verb:Building package 'hello' with the following arguments: {'ament_cmake_args': None, 'build_base': '/home/parallels/ros2_ws/build/hello', 'catkin_cmake_args': None, 'catkin_skip_building_tests': False, 'cmake_args': None, 'cmake_clean_cache': False, 'cmake_clean_first': False, 'cmake_force_configure': False, 'cmake_target': None, 'cmake_target_skip_unavailable': False, 'install_base': '/home/parallels/ros2_ws/install/hello', 'merge_install': False, 'path': '/home/parallels/ros2_ws/src/hello', 'symlink_install': False, 'test_result_base': None}
[0.733s] Level 5:colcon.colcon_core.verb:set package 'my_happy' build argument 'cmake_args' from command line to 'None'
[0.733s] Level 5:colcon.colcon_core.verb:set package 'my_happy' build argument 'cmake_target' from command line to 'None'
[0.734s] Level 5:colcon.colcon_core.verb:set package 'my_happy' build argument 'cmake_target_skip_unavailable' from command line to 'False'
[0.734s] Level 5:colcon.colcon_core.verb:set package 'my_happy' build argument 'cmake_clean_cache' from command line to 'False'
[0.734s] Level 5:colcon.colcon_core.verb:set package 'my_happy' build argument 'cmake_clean_first' from command line to 'False'
[0.734s] Level 5:colcon.colcon_core.verb:set package 'my_happy' build argument 'cmake_force_configure' from command line to 'False'
[0.734s] Level 5:colcon.colcon_core.verb:set package 'my_happy' build argument 'ament_cmake_args' from command line to 'None'
[0.734s] Level 5:colcon.colcon_core.verb:set package 'my_happy' build argument 'catkin_cmake_args' from command line to 'None'
[0.734s] Level 5:colcon.colcon_core.verb:set package 'my_happy' build argument 'catkin_skip_building_tests' from command line to 'False'
[0.734s] DEBUG:colcon.colcon_core.verb:Building package 'my_happy' with the following arguments: {'ament_cmake_args': None, 'build_base': '/home/parallels/ros2_ws/build/my_happy', 'catkin_cmake_args': None, 'catkin_skip_building_tests': False, 'cmake_args': None, 'cmake_clean_cache': False, 'cmake_clean_first': False, 'cmake_force_configure': False, 'cmake_target': None, 'cmake_target_skip_unavailable': False, 'install_base': '/home/parallels/ros2_ws/install/my_happy', 'merge_install': False, 'path': '/home/parallels/ros2_ws/src/my_happy', 'symlink_install': False, 'test_result_base': None}
[0.735s] INFO:colcon.colcon_core.executor:Executing jobs using 'parallel' executor
[0.739s] DEBUG:colcon.colcon_parallel_executor.executor.parallel:run_until_complete
[0.739s] INFO:colcon.colcon_ros.task.ament_python.build:Building ROS package in '/home/parallels/ros2_ws/src/happy_node3' with build type 'ament_python'
[0.739s] Level 1:colcon.colcon_core.shell:create_environment_hook('happy_node3', 'ament_prefix_path')
[0.748s] INFO:colcon.colcon_core.plugin_system:Skipping extension 'colcon_core.shell.bat': Not used on non-Windows systems
[0.748s] INFO:colcon.colcon_core.shell:Creating environment hook '/home/parallels/ros2_ws/install/happy_node3/share/happy_node3/hook/ament_prefix_path.ps1'
[0.748s] INFO:colcon.colcon_core.shell:Creating environment descriptor '/home/parallels/ros2_ws/install/happy_node3/share/happy_node3/hook/ament_prefix_path.dsv'
[0.749s] INFO:colcon.colcon_core.shell:Creating environment hook '/home/parallels/ros2_ws/install/happy_node3/share/happy_node3/hook/ament_prefix_path.sh'
[0.752s] INFO:colcon.colcon_core.shell:Skip shell extension 'powershell' for command environment: Not usable outside of PowerShell
[0.752s] DEBUG:colcon.colcon_core.shell:Skip shell extension 'dsv' for command environment
[0.761s] INFO:colcon.colcon_ros.task.ament_python.build:Building ROS package in '/home/parallels/ros2_ws/src/hello' with build type 'ament_python'
[0.761s] Level 1:colcon.colcon_core.shell:create_environment_hook('hello', 'ament_prefix_path')
[0.763s] INFO:colcon.colcon_core.shell:Creating environment hook '/home/parallels/ros2_ws/install/hello/share/hello/hook/ament_prefix_path.ps1'
[0.764s] INFO:colcon.colcon_core.shell:Creating environment descriptor '/home/parallels/ros2_ws/install/hello/share/hello/hook/ament_prefix_path.dsv'
[0.764s] INFO:colcon.colcon_core.shell:Creating environment hook '/home/parallels/ros2_ws/install/hello/share/hello/hook/ament_prefix_path.sh'
[0.766s] INFO:colcon.colcon_core.shell:Skip shell extension 'powershell' for command environment: Not usable outside of PowerShell
[0.766s] DEBUG:colcon.colcon_core.shell:Skip shell extension 'dsv' for command environment
[1.138s] INFO:colcon.colcon_core.task.python.build:Building Python package in '/home/parallels/ros2_ws/src/happy_node3'
[1.140s] INFO:colcon.colcon_core.shell:Skip shell extension 'powershell' for command environment: Not usable outside of PowerShell
[1.144s] DEBUG:colcon.colcon_core.shell:Skip shell extension 'dsv' for command environment
[1.553s] INFO:colcon.colcon_core.task.python.build:Building Python package in '/home/parallels/ros2_ws/src/hello'
[1.556s] INFO:colcon.colcon_core.shell:Skip shell extension 'powershell' for command environment: Not usable outside of PowerShell
[1.556s] DEBUG:colcon.colcon_core.shell:Skip shell extension 'dsv' for command environment
[2.083s] DEBUG:colcon.colcon_core.event_handler.log_command:Invoking command in '/home/parallels/ros2_ws/src/hello': CONDA_PROMPT_MODIFIER=(base) PYTHONPATH=/home/parallels/ros2_ws/build/hello/prefix_override:/home/parallels/ros2_ws/install/hello/lib/python3.10/site-packages:${PYTHONPATH} /usr/bin/python3 setup.py egg_info --egg-base ../../build/hello build --build-base /home/parallels/ros2_ws/build/hello/build install --record /home/parallels/ros2_ws/build/hello/install.log --single-version-externally-managed
[2.110s] DEBUG:colcon.colcon_core.event_handler.log_command:Invoking command in '/home/parallels/ros2_ws/src/happy_node3': CONDA_PROMPT_MODIFIER=(base) PYTHONPATH=/home/parallels/ros2_ws/build/happy_node3/prefix_override:/home/parallels/ros2_ws/install/happy_node3/lib/python3.10/site-packages:${PYTHONPATH} /usr/bin/python3 setup.py egg_info --egg-base ../../build/happy_node3 build --build-base /home/parallels/ros2_ws/build/happy_node3/build install --record /home/parallels/ros2_ws/build/happy_node3/install.log --single-version-externally-managed
[2.544s] DEBUG:colcon.colcon_core.event_handler.log_command:Invoked command in '/home/parallels/ros2_ws/src/hello' returned '0': CONDA_PROMPT_MODIFIER=(base) PYTHONPATH=/home/parallels/ros2_ws/build/hello/prefix_override:/home/parallels/ros2_ws/install/hello/lib/python3.10/site-packages:${PYTHONPATH} /usr/bin/python3 setup.py egg_info --egg-base ../../build/hello build --build-base /home/parallels/ros2_ws/build/hello/build install --record /home/parallels/ros2_ws/build/hello/install.log --single-version-externally-managed
[2.555s] Level 1:colcon.colcon_core.environment:checking '/home/parallels/ros2_ws/install/hello' for CMake module files
[2.556s] Level 1:colcon.colcon_core.environment:checking '/home/parallels/ros2_ws/install/hello' for CMake config files
[2.556s] Level 1:colcon.colcon_core.environment:checking '/home/parallels/ros2_ws/install/hello/lib'
[2.563s] Level 1:colcon.colcon_core.environment:checking '/home/parallels/ros2_ws/install/hello/bin'
[2.563s] Level 1:colcon.colcon_core.environment:checking '/home/parallels/ros2_ws/install/hello/lib/pkgconfig/hello.pc'
[2.563s] Level 1:colcon.colcon_core.environment:checking '/home/parallels/ros2_ws/install/hello/lib/python3.10/site-packages'
[2.563s] Level 1:colcon.colcon_core.shell:create_environment_hook('hello', 'pythonpath')
[2.565s] INFO:colcon.colcon_core.shell:Creating environment hook '/home/parallels/ros2_ws/install/hello/share/hello/hook/pythonpath.ps1'
[2.566s] INFO:colcon.colcon_core.shell:Creating environment descriptor '/home/parallels/ros2_ws/install/hello/share/hello/hook/pythonpath.dsv'
[2.566s] INFO:colcon.colcon_core.shell:Creating environment hook '/home/parallels/ros2_ws/install/hello/share/hello/hook/pythonpath.sh'
[2.567s] Level 1:colcon.colcon_core.environment:checking '/home/parallels/ros2_ws/install/hello/bin'
[2.567s] Level 1:colcon.colcon_core.environment:create_environment_scripts_only(hello)
[2.569s] INFO:colcon.colcon_core.shell:Creating package script '/home/parallels/ros2_ws/install/hello/share/hello/package.ps1'
[2.570s] INFO:colcon.colcon_core.shell:Creating package descriptor '/home/parallels/ros2_ws/install/hello/share/hello/package.dsv'
[2.570s] INFO:colcon.colcon_core.shell:Creating package script '/home/parallels/ros2_ws/install/hello/share/hello/package.sh'
[2.571s] INFO:colcon.colcon_core.shell:Creating package script '/home/parallels/ros2_ws/install/hello/share/hello/package.bash'
[2.572s] INFO:colcon.colcon_core.shell:Creating package script '/home/parallels/ros2_ws/install/hello/share/hello/package.zsh'
[2.574s] Level 1:colcon.colcon_core.environment:create_file_with_runtime_dependencies(/home/parallels/ros2_ws/install/hello/share/colcon-core/packages/hello)
[2.575s] INFO:colcon.colcon_ros.task.ament_python.build:Building ROS package in '/home/parallels/ros2_ws/src/my_happy' with build type 'ament_python'
[2.575s] Level 1:colcon.colcon_core.shell:create_environment_hook('my_happy', 'ament_prefix_path')
[2.577s] INFO:colcon.colcon_core.shell:Creating environment hook '/home/parallels/ros2_ws/install/my_happy/share/my_happy/hook/ament_prefix_path.ps1'
[2.577s] INFO:colcon.colcon_core.shell:Creating environment descriptor '/home/parallels/ros2_ws/install/my_happy/share/my_happy/hook/ament_prefix_path.dsv'
[2.577s] INFO:colcon.colcon_core.shell:Creating environment hook '/home/parallels/ros2_ws/install/my_happy/share/my_happy/hook/ament_prefix_path.sh'
[2.580s] INFO:colcon.colcon_core.shell:Skip shell extension 'powershell' for command environment: Not usable outside of PowerShell
[2.580s] DEBUG:colcon.colcon_core.shell:Skip shell extension 'dsv' for command environment
[3.000s] INFO:colcon.colcon_core.task.python.build:Building Python package in '/home/parallels/ros2_ws/src/my_happy'
[3.002s] INFO:colcon.colcon_core.shell:Skip shell extension 'powershell' for command environment: Not usable outside of PowerShell
[3.002s] DEBUG:colcon.colcon_core.shell:Skip shell extension 'dsv' for command environment
[3.015s] Level 1:colcon.colcon_core.environment:checking '/home/parallels/ros2_ws/install/happy_node3' for CMake module files
[3.016s] DEBUG:colcon.colcon_core.event_handler.log_command:Invoked command in '/home/parallels/ros2_ws/src/happy_node3' returned '0': CONDA_PROMPT_MODIFIER=(base) PYTHONPATH=/home/parallels/ros2_ws/build/happy_node3/prefix_override:/home/parallels/ros2_ws/install/happy_node3/lib/python3.10/site-packages:${PYTHONPATH} /usr/bin/python3 setup.py egg_info --egg-base ../../build/happy_node3 build --build-base /home/parallels/ros2_ws/build/happy_node3/build install --record /home/parallels/ros2_ws/build/happy_node3/install.log --single-version-externally-managed
[3.017s] Level 1:colcon.colcon_core.environment:checking '/home/parallels/ros2_ws/install/happy_node3' for CMake config files
[3.018s] Level 1:colcon.colcon_core.environment:checking '/home/parallels/ros2_ws/install/happy_node3/lib'
[3.018s] Level 1:colcon.colcon_core.environment:checking '/home/parallels/ros2_ws/install/happy_node3/bin'
[3.018s] Level 1:colcon.colcon_core.environment:checking '/home/parallels/ros2_ws/install/happy_node3/lib/pkgconfig/happy_node3.pc'
[3.018s] Level 1:colcon.colcon_core.environment:checking '/home/parallels/ros2_ws/install/happy_node3/lib/python3.10/site-packages'
[3.018s] Level 1:colcon.colcon_core.shell:create_environment_hook('happy_node3', 'pythonpath')
[3.022s] INFO:colcon.colcon_core.shell:Creating environment hook '/home/parallels/ros2_ws/install/happy_node3/share/happy_node3/hook/pythonpath.ps1'
[3.022s] INFO:colcon.colcon_core.shell:Creating environment descriptor '/home/parallels/ros2_ws/install/happy_node3/share/happy_node3/hook/pythonpath.dsv'
[3.023s] INFO:colcon.colcon_core.shell:Creating environment hook '/home/parallels/ros2_ws/install/happy_node3/share/happy_node3/hook/pythonpath.sh'
[3.024s] Level 1:colcon.colcon_core.environment:checking '/home/parallels/ros2_ws/install/happy_node3/bin'
[3.024s] Level 1:colcon.colcon_core.environment:create_environment_scripts_only(happy_node3)
[3.027s] INFO:colcon.colcon_core.shell:Creating package script '/home/parallels/ros2_ws/install/happy_node3/share/happy_node3/package.ps1'
[3.027s] INFO:colcon.colcon_core.shell:Creating package descriptor '/home/parallels/ros2_ws/install/happy_node3/share/happy_node3/package.dsv'
[3.028s] INFO:colcon.colcon_core.shell:Creating package script '/home/parallels/ros2_ws/install/happy_node3/share/happy_node3/package.sh'
[3.028s] INFO:colcon.colcon_core.shell:Creating package script '/home/parallels/ros2_ws/install/happy_node3/share/happy_node3/package.bash'
[3.028s] INFO:colcon.colcon_core.shell:Creating package script '/home/parallels/ros2_ws/install/happy_node3/share/happy_node3/package.zsh'
[3.029s] Level 1:colcon.colcon_core.environment:create_file_with_runtime_dependencies(/home/parallels/ros2_ws/install/happy_node3/share/colcon-core/packages/happy_node3)
[3.478s] DEBUG:colcon.colcon_core.event_handler.log_command:Invoking command in '/home/parallels/ros2_ws/src/my_happy': CONDA_PROMPT_MODIFIER=(base) PYTHONPATH=/home/parallels/ros2_ws/build/my_happy/prefix_override:/home/parallels/ros2_ws/install/my_happy/lib/python3.10/site-packages:${PYTHONPATH} /usr/bin/python3 setup.py egg_info --egg-base ../../build/my_happy build --build-base /home/parallels/ros2_ws/build/my_happy/build install --record /home/parallels/ros2_ws/build/my_happy/install.log --single-version-externally-managed
[3.855s] Level 1:colcon.colcon_core.environment:checking '/home/parallels/ros2_ws/install/my_happy' for CMake module files
[3.856s] DEBUG:colcon.colcon_core.event_handler.log_command:Invoked command in '/home/parallels/ros2_ws/src/my_happy' returned '0': CONDA_PROMPT_MODIFIER=(base) PYTHONPATH=/home/parallels/ros2_ws/build/my_happy/prefix_override:/home/parallels/ros2_ws/install/my_happy/lib/python3.10/site-packages:${PYTHONPATH} /usr/bin/python3 setup.py egg_info --egg-base ../../build/my_happy build --build-base /home/parallels/ros2_ws/build/my_happy/build install --record /home/parallels/ros2_ws/build/my_happy/install.log --single-version-externally-managed
[3.857s] Level 1:colcon.colcon_core.environment:checking '/home/parallels/ros2_ws/install/my_happy' for CMake config files
[3.857s] Level 1:colcon.colcon_core.environment:checking '/home/parallels/ros2_ws/install/my_happy/lib'
[3.858s] Level 1:colcon.colcon_core.environment:checking '/home/parallels/ros2_ws/install/my_happy/bin'
[3.858s] Level 1:colcon.colcon_core.environment:checking '/home/parallels/ros2_ws/install/my_happy/lib/pkgconfig/my_happy.pc'
[3.858s] Level 1:colcon.colcon_core.environment:checking '/home/parallels/ros2_ws/install/my_happy/lib/python3.10/site-packages'
[3.858s] Level 1:colcon.colcon_core.shell:create_environment_hook('my_happy', 'pythonpath')
[3.860s] INFO:colcon.colcon_core.shell:Creating environment hook '/home/parallels/ros2_ws/install/my_happy/share/my_happy/hook/pythonpath.ps1'
[3.860s] INFO:colcon.colcon_core.shell:Creating environment descriptor '/home/parallels/ros2_ws/install/my_happy/share/my_happy/hook/pythonpath.dsv'
[3.861s] INFO:colcon.colcon_core.shell:Creating environment hook '/home/parallels/ros2_ws/install/my_happy/share/my_happy/hook/pythonpath.sh'
[3.861s] Level 1:colcon.colcon_core.environment:checking '/home/parallels/ros2_ws/install/my_happy/bin'
[3.862s] Level 1:colcon.colcon_core.environment:create_environment_scripts_only(my_happy)
[3.863s] INFO:colcon.colcon_core.shell:Creating package script '/home/parallels/ros2_ws/install/my_happy/share/my_happy/package.ps1'
[3.864s] INFO:colcon.colcon_core.shell:Creating package descriptor '/home/parallels/ros2_ws/install/my_happy/share/my_happy/package.dsv'
[3.864s] INFO:colcon.colcon_core.shell:Creating package script '/home/parallels/ros2_ws/install/my_happy/share/my_happy/package.sh'
[3.865s] INFO:colcon.colcon_core.shell:Creating package script '/home/parallels/ros2_ws/install/my_happy/share/my_happy/package.bash'
[3.865s] INFO:colcon.colcon_core.shell:Creating package script '/home/parallels/ros2_ws/install/my_happy/share/my_happy/package.zsh'
[3.866s] Level 1:colcon.colcon_core.environment:create_file_with_runtime_dependencies(/home/parallels/ros2_ws/install/my_happy/share/colcon-core/packages/my_happy)
[3.866s] DEBUG:colcon.colcon_parallel_executor.executor.parallel:closing loop
[3.867s] DEBUG:colcon.colcon_parallel_executor.executor.parallel:loop closed
[3.867s] DEBUG:colcon.colcon_parallel_executor.executor.parallel:run_until_complete finished with '0'
[3.867s] DEBUG:colcon.colcon_core.event_reactor:joining thread
[3.879s] INFO:colcon.colcon_core.plugin_system:Skipping extension 'colcon_notification.desktop_notification.terminal_notifier': Not used on non-Darwin systems
[3.879s] INFO:colcon.colcon_core.plugin_system:Skipping extension 'colcon_notification.desktop_notification.win32': Not used on non-Windows systems
[3.879s] INFO:colcon.colcon_notification.desktop_notification:Sending desktop notification using 'notify2'
[3.909s] DEBUG:colcon.colcon_core.event_reactor:joined thread
[3.911s] INFO:colcon.colcon_core.shell:Creating prefix script '/home/parallels/ros2_ws/install/local_setup.ps1'
[3.912s] INFO:colcon.colcon_core.shell:Creating prefix util module '/home/parallels/ros2_ws/install/_local_setup_util_ps1.py'
[3.914s] INFO:colcon.colcon_core.shell:Creating prefix chain script '/home/parallels/ros2_ws/install/setup.ps1'
[3.919s] INFO:colcon.colcon_core.shell:Creating prefix script '/home/parallels/ros2_ws/install/local_setup.sh'
[3.920s] INFO:colcon.colcon_core.shell:Creating prefix util module '/home/parallels/ros2_ws/install/_local_setup_util_sh.py'
[3.921s] INFO:colcon.colcon_core.shell:Creating prefix chain script '/home/parallels/ros2_ws/install/setup.sh'
[3.924s] INFO:colcon.colcon_core.shell:Creating prefix script '/home/parallels/ros2_ws/install/local_setup.bash'
[3.924s] INFO:colcon.colcon_core.shell:Creating prefix chain script '/home/parallels/ros2_ws/install/setup.bash'
[3.927s] INFO:colcon.colcon_core.shell:Creating prefix script '/home/parallels/ros2_ws/install/local_setup.zsh'
[3.928s] INFO:colcon.colcon_core.shell:Creating prefix chain script '/home/parallels/ros2_ws/install/setup.zsh'
