[1.344s] Invoking command in '/home/parallels/ros2_ws/src/hello': CONDA_PROMPT_MODIFIER=(base) PYTHONPATH=/home/parallels/ros2_ws/build/hello/prefix_override:/home/parallels/ros2_ws/install/hello/lib/python3.10/site-packages:${PYTHONPATH} /usr/bin/python3 setup.py egg_info --egg-base ../../build/hello build --build-base /home/parallels/ros2_ws/build/hello/build install --record /home/parallels/ros2_ws/build/hello/install.log --single-version-externally-managed
[1.692s] running egg_info
[1.692s] writing ../../build/hello/hello.egg-info/PKG-INFO
[1.693s] writing dependency_links to ../../build/hello/hello.egg-info/dependency_links.txt
[1.693s] writing entry points to ../../build/hello/hello.egg-info/entry_points.txt
[1.693s] writing requirements to ../../build/hello/hello.egg-info/requires.txt
[1.694s] writing top-level names to ../../build/hello/hello.egg-info/top_level.txt
[1.696s] reading manifest file '../../build/hello/hello.egg-info/SOURCES.txt'
[1.697s] writing manifest file '../../build/hello/hello.egg-info/SOURCES.txt'
[1.697s] running build
[1.697s] running build_py
[1.697s] running install
[1.697s] /usr/lib/python3/dist-packages/setuptools/command/install.py:34: SetuptoolsDeprecationWarning: setup.py install is deprecated. Use build and pip and other standards-based tools.
[1.697s]   warnings.warn(
[1.698s] running install_lib
[1.699s] running install_data
[1.699s] running install_egg_info
[1.701s] removing '/home/parallels/ros2_ws/install/hello/lib/python3.10/site-packages/hello-0.0.0-py3.10.egg-info' (and everything under it)
[1.721s] Copying ../../build/hello/hello.egg-info to /home/parallels/ros2_ws/install/hello/lib/python3.10/site-packages/hello-0.0.0-py3.10.egg-info
[1.724s] running install_scripts
[1.752s] Installing hello_node script to /home/parallels/ros2_ws/install/hello/lib/hello
[1.753s] writing list of installed files to '/home/parallels/ros2_ws/build/hello/install.log'
[1.783s] Invoked command in '/home/parallels/ros2_ws/src/hello' returned '0': CONDA_PROMPT_MODIFIER=(base) PYTHONPATH=/home/parallels/ros2_ws/build/hello/prefix_override:/home/parallels/ros2_ws/install/hello/lib/python3.10/site-packages:${PYTHONPATH} /usr/bin/python3 setup.py egg_info --egg-base ../../build/hello build --build-base /home/parallels/ros2_ws/build/hello/build install --record /home/parallels/ros2_ws/build/hello/install.log --single-version-externally-managed
