[0.695s] Invoking command in '/home/parallels/ros2_ws/src/gazo': PYTHONPATH=/home/parallels/ros2_ws/build/gazo/prefix_override:/home/parallels/ros2_ws/install/gazo/lib/python3.10/site-packages:${PYTHONPATH} /usr/bin/python3 setup.py egg_info --egg-base ../../build/gazo build --build-base /home/parallels/ros2_ws/build/gazo/build install --record /home/parallels/ros2_ws/build/gazo/install.log --single-version-externally-managed
[0.993s] running egg_info
[0.994s] writing ../../build/gazo/gazo.egg-info/PKG-INFO
[0.994s] writing dependency_links to ../../build/gazo/gazo.egg-info/dependency_links.txt
[0.994s] writing entry points to ../../build/gazo/gazo.egg-info/entry_points.txt
[0.994s] writing requirements to ../../build/gazo/gazo.egg-info/requires.txt
[0.995s] writing top-level names to ../../build/gazo/gazo.egg-info/top_level.txt
[0.997s] reading manifest file '../../build/gazo/gazo.egg-info/SOURCES.txt'
[0.998s] writing manifest file '../../build/gazo/gazo.egg-info/SOURCES.txt'
[0.998s] running build
[0.998s] running build_py
[0.998s] copying gazo/nononode.py -> /home/parallels/ros2_ws/build/gazo/build/lib/gazo
[0.999s] running install
[0.999s] /usr/lib/python3/dist-packages/setuptools/command/install.py:34: SetuptoolsDeprecationWarning: setup.py install is deprecated. Use build and pip and other standards-based tools.
[0.999s]   warnings.warn(
[0.999s] running install_lib
[1.000s] copying /home/parallels/ros2_ws/build/gazo/build/lib/gazo/nononode.py -> /home/parallels/ros2_ws/install/gazo/lib/python3.10/site-packages/gazo
[1.001s] byte-compiling /home/parallels/ros2_ws/install/gazo/lib/python3.10/site-packages/gazo/nononode.py to nononode.cpython-310.pyc
[1.001s] running install_data
[1.002s] running install_egg_info
[1.003s] removing '/home/parallels/ros2_ws/install/gazo/lib/python3.10/site-packages/gazo-0.0.0-py3.10.egg-info' (and everything under it)
[1.003s] Copying ../../build/gazo/gazo.egg-info to /home/parallels/ros2_ws/install/gazo/lib/python3.10/site-packages/gazo-0.0.0-py3.10.egg-info
[1.004s] running install_scripts
[1.028s] Installing nononode script to /home/parallels/ros2_ws/install/gazo/lib/gazo
[1.029s] writing list of installed files to '/home/parallels/ros2_ws/build/gazo/install.log'
[1.053s] Invoked command in '/home/parallels/ros2_ws/src/gazo' returned '0': PYTHONPATH=/home/parallels/ros2_ws/build/gazo/prefix_override:/home/parallels/ros2_ws/install/gazo/lib/python3.10/site-packages:${PYTHONPATH} /usr/bin/python3 setup.py egg_info --egg-base ../../build/gazo build --build-base /home/parallels/ros2_ws/build/gazo/build install --record /home/parallels/ros2_ws/build/gazo/install.log --single-version-externally-managed
